DEBUG:root:Order:2 3 10.0
DEBUG:root:Finish turn

DEBUG:root:Order:2 4 10.0
DEBUG:root:Finish turn

DEBUG:root:Order:2 19 15.0
DEBUG:root:Finish turn

DEBUG:root:Order:2 20 15.0
DEBUG:root:Order:2 4 33
DEBUG:root:Finish turn

DEBUG:root:Order:2 15 20.0
DEBUG:root:Bad order:4 3.0 8
DEBUG:root:Finish turn

DEBUG:root:Order:2 16 20.0
DEBUG:root:Order:4 0 26.0
DEBUG:root:Order:4 2 3
DEBUG:root:Finish turn

DEBUG:root:Order:2 4 1
DEBUG:root:Finish turn

DEBUG:root:Order:2 19 8
DEBUG:root:Order:4 19 5
DEBUG:root:Finish turn

DEBUG:root:Order:2 19 1
DEBUG:root:Order:2 4 2
DEBUG:root:Finish turn

DEBUG:root:Order:2 19 1
DEBUG:root:Finish turn

DEBUG:root:Order:2 19 3
DEBUG:root:Finish turn

DEBUG:root:Order:2 15 9
DEBUG:root:Order:4 15 6
DEBUG:root:Order:19 15 5
DEBUG:root:Finish turn

DEBUG:root:Order:2 15 1
DEBUG:root:Order:2 19 1
DEBUG:root:Order:2 4 2
DEBUG:root:Finish turn

DEBUG:root:Order:2 19 1
DEBUG:root:Order:4 19 1
DEBUG:root:Finish turn

DEBUG:root:Order:2 19 1
DEBUG:root:Order:2 4 2
DEBUG:root:Finish turn

DEBUG:root:Order:2 19 1
DEBUG:root:Finish turn

DEBUG:root:Order:2 19 2
DEBUG:root:Finish turn

DEBUG:root:Order:2 19 3
DEBUG:root:Order:2 4 1
DEBUG:root:Finish turn

DEBUG:root:Order:2 0 5
DEBUG:root:Order:15 0 5
DEBUG:root:Order:4 0 3
DEBUG:root:Order:19 0 2
DEBUG:root:Finish turn

DEBUG:root:Order:15 9 40.0
DEBUG:root:Order:2 15 11
DEBUG:root:Order:4 15 8
DEBUG:root:Order:19 15 7
DEBUG:root:Bad order:0 2.0 5
DEBUG:root:Finish turn

DEBUG:root:Order:0 15 3
DEBUG:root:Order:2 15 1
DEBUG:root:Order:2 19 1
DEBUG:root:Order:2 4 2
DEBUG:root:Finish turn

DEBUG:root:Order:2 19 1
DEBUG:root:Order:2 0 1
DEBUG:root:Order:4 0 1
DEBUG:root:Finish turn

DEBUG:root:Order:2 19 1
DEBUG:root:Finish turn

DEBUG:root:Order:2 19 2
DEBUG:root:Order:2 0 1
DEBUG:root:Order:2 4 3
DEBUG:root:Order:15 4 1
DEBUG:root:Finish turn

DEBUG:root:Order:4 0 2
DEBUG:root:Order:4 19 2
DEBUG:root:Finish turn

DEBUG:root:Order:2 0 1
DEBUG:root:Order:2 4 1
DEBUG:root:Order:2 19 1
DEBUG:root:Finish turn

DEBUG:root:Order:2 0 1
DEBUG:root:Order:2 19 1
DEBUG:root:Order:2 4 2
DEBUG:root:Order:15 4 2
DEBUG:root:Finish turn

DEBUG:root:Order:4 0 2
DEBUG:root:Order:4 19 2
DEBUG:root:Finish turn

DEBUG:root:Order:2 0 1
DEBUG:root:Order:2 4 1
DEBUG:root:Order:2 19 1
DEBUG:root:Finish turn

DEBUG:root:Order:2 0 2
DEBUG:root:Order:2 19 2
DEBUG:root:Order:2 4 1
DEBUG:root:Finish turn

DEBUG:root:Order:15 0 8
DEBUG:root:Order:2 0 6
DEBUG:root:Order:4 0 5
DEBUG:root:Order:19 0 4
DEBUG:root:Finish turn

DEBUG:root:Order:2 19 13
DEBUG:root:Order:15 19 11
DEBUG:root:Order:4 19 10
DEBUG:root:Order:0 19 9
DEBUG:root:Finish turn

DEBUG:root:Order:2 4 24
DEBUG:root:Order:0 4 9
DEBUG:root:Bad order:0 9.0 20
DEBUG:root:Order:19 15 20
DEBUG:root:Finish turn

DEBUG:root:Order:0 15 10
DEBUG:root:Finish turn

DEBUG:root:Order:4 10 40.0
DEBUG:root:Bad order:2 16.0 18
DEBUG:root:Bad order:0 2.0 14
DEBUG:root:Order:15 9 14
DEBUG:root:Order:19 9 13
DEBUG:root:Finish turn

DEBUG:root:Order:2 4 20
DEBUG:root:Bad order:0 4.0 6
DEBUG:root:Bad order:0 4.0 7
DEBUG:root:Order:0 19 1
DEBUG:root:Finish turn

DEBUG:root:Bad order:0 4.0 7
DEBUG:root:Bad order:0 4.0 6
DEBUG:root:Order:0 19 1
DEBUG:root:Finish turn

DEBUG:root:Order:15 5 46.0
DEBUG:root:Bad order:0 7.0 15
DEBUG:root:Bad order:2 11.0 13
DEBUG:root:Order:19 15 5
DEBUG:root:Finish turn

DEBUG:root:Order:2 15 16
DEBUG:root:Bad order:0 8.0 14
DEBUG:root:Bad order:0 8.0 14
DEBUG:root:Finish turn

DEBUG:root:Order:2 15 5
DEBUG:root:Order:4 15 2
DEBUG:root:Order:9 15 1
DEBUG:root:Finish turn

DEBUG:root:Order:2 15 2
DEBUG:root:Order:2 19 3
DEBUG:root:Finish turn

DEBUG:root:Order:4 6 46.0
DEBUG:root:Bad order:2 5.0 9
DEBUG:root:Order:19 4 9
DEBUG:root:Order:9 4 8
DEBUG:root:Order:15 4 8
DEBUG:root:Finish turn

DEBUG:root:Bad order:2 10.0 12
DEBUG:root:Bad order:2 10.0 12
DEBUG:root:Order:15 19 1
DEBUG:root:Finish turn

DEBUG:root:Order:2 4 13
DEBUG:root:Order:2 0 2
DEBUG:root:Bad order:2 0.0 1
DEBUG:root:Finish turn

DEBUG:root:Order:2 19 2
DEBUG:root:Order:2 0 1
DEBUG:root:Order:2 4 2
DEBUG:root:Order:15 4 1
DEBUG:root:Finish turn

DEBUG:root:Order:4 0 1
DEBUG:root:Order:4 19 1
DEBUG:root:Order:4 9 2
DEBUG:root:Order:15 9 1
DEBUG:root:Finish turn

DEBUG:root:Order:15 11 54.0
DEBUG:root:Bad order:2 10.0 12
DEBUG:root:Order:9 15 11
DEBUG:root:Order:0 15 7
DEBUG:root:Order:4 15 7
DEBUG:root:Order:19 15 7
DEBUG:root:Finish turn

DEBUG:root:Order:2 15 11
DEBUG:root:Order:2 0 1
DEBUG:root:Order:2 19 1
DEBUG:root:Bad order:2 2.0 14
DEBUG:root:Finish turn

DEBUG:root:Order:2 0 1
DEBUG:root:Order:2 19 1
DEBUG:root:Order:2 4 4
DEBUG:root:Order:5 4 1
DEBUG:root:Finish turn

DEBUG:root:Order:4 5 15
DEBUG:root:Bad order:2 6.0 12
DEBUG:root:Order:15 5 12
DEBUG:root:Order:9 5 10
DEBUG:root:Order:0 5 9
DEBUG:root:Order:19 5 9
DEBUG:root:Finish turn

DEBUG:root:Order:2 5 10
DEBUG:root:Order:2 0 1
DEBUG:root:Bad order:2 0.0 1
DEBUG:root:Bad order:2 0.0 14
DEBUG:root:Finish turn

DEBUG:root:Order:2 19 4
DEBUG:root:Bad order:2 1.0 2
DEBUG:root:Bad order:2 1.0 2
DEBUG:root:Bad order:2 1.0 4
DEBUG:root:Bad order:11 1.0 3
DEBUG:root:Finish turn

DEBUG:root:Order:11 4 3
DEBUG:root:Order:2 4 1
DEBUG:root:Order:2 15 1
DEBUG:root:Finish turn

DEBUG:root:Order:5 4 2
DEBUG:root:Finish turn

DEBUG:root:Order:15 11 4
DEBUG:root:Order:2 11 3
DEBUG:root:Order:5 11 3
DEBUG:root:Finish turn

DEBUG:root:Order:5 12 54.0
DEBUG:root:Order:2 5 15
DEBUG:root:Order:4 5 11
DEBUG:root:Order:11 5 11
DEBUG:root:Finish turn

DEBUG:root:Order:2 4 1
DEBUG:root:Order:2 5 1
DEBUG:root:Finish turn

DEBUG:root:Order:5 4 1
DEBUG:root:Finish turn

DEBUG:root:Order:2 4 4
DEBUG:root:Order:5 4 4
DEBUG:root:Order:11 4 3
DEBUG:root:Finish turn

DEBUG:root:Order:2 4 1
DEBUG:root:Order:5 4 1
DEBUG:root:Finish turn

DEBUG:root:Order:5 13 62.0
DEBUG:root:Bad order:2 16.0 17
DEBUG:root:Order:11 5 16
DEBUG:root:Order:4 5 11
DEBUG:root:Finish turn

DEBUG:root:Order:2 5 16
DEBUG:root:Order:2 4 1
DEBUG:root:Finish turn

DEBUG:root:Order:5 2 12
DEBUG:root:Bad order:11 11.0 12
DEBUG:root:Order:4 2 9
DEBUG:root:Finish turn

DEBUG:root:Order:11 2 11
DEBUG:root:Order:11 4 2
DEBUG:root:Finish turn

DEBUG:root:Order:5 4 2
DEBUG:root:Order:5 11 1
DEBUG:root:Finish turn

DEBUG:root:Order:2 4 2
DEBUG:root:Finish turn

DEBUG:root:Order:5 14 62.0
DEBUG:root:Order:2 5 16
DEBUG:root:Bad order:11 14.0 15
DEBUG:root:Bad order:4 8.0 13
DEBUG:root:Finish turn

DEBUG:root:Order:11 5 15
DEBUG:root:Order:4 5 11
DEBUG:root:Order:2 5 1
DEBUG:root:Finish turn

DEBUG:root:Order:2 6 2
DEBUG:root:Order:2 4 1
DEBUG:root:Finish turn

DEBUG:root:Order:5 6 5
DEBUG:root:Order:11 6 5
DEBUG:root:Order:2 6 4
DEBUG:root:Order:4 6 2
DEBUG:root:Finish turn

DEBUG:root:Order:2 4 1
DEBUG:root:Order:5 4 1
DEBUG:root:Finish turn

DEBUG:root:Order:5 7 64.0
DEBUG:root:Order:2 5 13
DEBUG:root:Order:6 5 13
DEBUG:root:Order:11 5 12
DEBUG:root:Order:4 5 10
DEBUG:root:Finish turn

DEBUG:root:Order:2 4 1
DEBUG:root:Finish turn

DEBUG:root:Order:2 4 1
DEBUG:root:Finish turn

DEBUG:root:Order:2 4 2
DEBUG:root:Order:11 4 1
DEBUG:root:Finish turn

DEBUG:root:Order:2 11 8
DEBUG:root:Order:4 11 5
DEBUG:root:Finish turn

DEBUG:root:Order:2 4 1
DEBUG:root:Finish turn

DEBUG:root:Order:2 14 5
DEBUG:root:Order:11 14 4
DEBUG:root:Order:4 14 1
DEBUG:root:Finish turn

DEBUG:root:Order:2 4 1
DEBUG:root:Finish turn

DEBUG:root:Order:2 4 1
DEBUG:root:Finish turn

DEBUG:root:Order:2 4 1
DEBUG:root:Finish turn

DEBUG:root:Order:2 12 10
DEBUG:root:Order:11 12 6
DEBUG:root:Order:11 13 9
DEBUG:root:Order:14 13 7
DEBUG:root:Finish turn

DEBUG:root:Order:4 11 2
DEBUG:root:Order:14 11 2
DEBUG:root:Order:2 11 1
DEBUG:root:Order:2 12 1
DEBUG:root:Finish turn

DEBUG:root:Finish turn

DEBUG:root:Order:2 4 1
DEBUG:root:Finish turn

DEBUG:root:Order:2 4 2
DEBUG:root:Order:12 4 1
DEBUG:root:Order:14 4 1
DEBUG:root:Finish turn

DEBUG:root:Order:2 4 1
DEBUG:root:Finish turn

DEBUG:root:Order:2 4 1
DEBUG:root:Finish turn

DEBUG:root:Order:2 4 1
DEBUG:root:Finish turn

DEBUG:root:Order:2 4 1
DEBUG:root:Finish turn

DEBUG:root:Order:2 4 1
DEBUG:root:Finish turn

DEBUG:root:Order:2 4 2
DEBUG:root:Order:11 4 1
DEBUG:root:Order:12 4 1
DEBUG:root:Order:13 4 1
DEBUG:root:Order:14 4 1
DEBUG:root:Finish turn

DEBUG:root:Order:2 7 18
DEBUG:root:Order:11 7 17
DEBUG:root:Order:12 7 17
DEBUG:root:Order:13 7 17
DEBUG:root:Order:14 7 17
DEBUG:root:Order:4 7 15
DEBUG:root:Finish turn

DEBUG:root:Order:2 7 2
DEBUG:root:Order:11 7 1
DEBUG:root:Order:12 7 1
DEBUG:root:Order:13 7 1
DEBUG:root:Order:14 7 1
DEBUG:root:Order:14 4 1
DEBUG:root:Finish turn

DEBUG:root:Order:2 7 1
DEBUG:root:Finish turn

DEBUG:root:Order:2 7 2
DEBUG:root:Order:11 7 1
DEBUG:root:Order:12 7 1
DEBUG:root:Order:12 4 1
DEBUG:root:Order:13 4 1
DEBUG:root:Finish turn

DEBUG:root:Order:2 4 1
DEBUG:root:Finish turn

DEBUG:root:Order:2 4 1
DEBUG:root:Finish turn

DEBUG:root:Order:11 8 64.0
DEBUG:root:Order:2 11 12
DEBUG:root:Order:13 11 11
DEBUG:root:Order:14 11 11
DEBUG:root:Order:12 11 10
DEBUG:root:Order:4 11 6
DEBUG:root:Finish turn

DEBUG:root:Order:2 11 1
DEBUG:root:Finish turn

DEBUG:root:Order:2 4 1
DEBUG:root:Finish turn

DEBUG:root:Order:2 4 2
DEBUG:root:Order:12 4 1
DEBUG:root:Order:13 4 1
DEBUG:root:Order:13 11 1
DEBUG:root:Finish turn

DEBUG:root:Order:2 17 69.0
DEBUG:root:Order:14 18 69.0
DEBUG:root:Order:12 2 28
DEBUG:root:Order:13 2 11
DEBUG:root:Order:13 14 27
DEBUG:root:Order:4 14 12
DEBUG:root:Order:4 11 5
DEBUG:root:Finish turn

DEBUG:root:Order:4 12 18
DEBUG:root:Bad order:2 6.0 11
DEBUG:root:Order:11 12 10
DEBUG:root:Bad order:14 5.0 10
DEBUG:root:Finish turn

DEBUG:root:Bad order:2 11.0 16
DEBUG:root:Bad order:2 11.0 14
DEBUG:root:Finish turn

DEBUG:root:Order:11 2 9
DEBUG:root:Order:13 2 5
DEBUG:root:Order:13 14 9
DEBUG:root:Order:4 14 1
DEBUG:root:Finish turn

DEBUG:root:Order:11 8 1.0
DEBUG:root:Order:4 13 3
DEBUG:root:Order:2 13 1
DEBUG:root:Finish turn

DEBUG:root:Order:2 4 1
DEBUG:root:Finish turn

DEBUG:root:Order:2 11 4
DEBUG:root:Order:13 11 3
DEBUG:root:Order:14 11 3
DEBUG:root:Finish turn

DEBUG:root:Order:2 11 2
DEBUG:root:Bad order:2 0.0 1
DEBUG:root:Finish turn

DEBUG:root:Bad order:2 5.0 10
DEBUG:root:Order:13 18 10
DEBUG:root:Order:11 18 9
DEBUG:root:Order:4 18 6
DEBUG:root:Finish turn

DEBUG:root:Bad order:2 10.0 11
DEBUG:root:Order:2 4 1
DEBUG:root:Finish turn

DEBUG:root:Order:2 18 10
DEBUG:root:Order:2 4 2
DEBUG:root:Finish turn

DEBUG:root:Finish turn

DEBUG:root:Order:2 8 10
DEBUG:root:Order:18 8 10
DEBUG:root:Order:11 8 9
DEBUG:root:Order:13 8 9
DEBUG:root:Order:4 8 4
DEBUG:root:Finish turn

DEBUG:root:Bad order:2 7.0 8
DEBUG:root:Order:18 17 8
DEBUG:root:Order:11 17 7
DEBUG:root:Order:13 17 7
DEBUG:root:Order:4 17 5
DEBUG:root:Order:8 17 1
DEBUG:root:Finish turn

DEBUG:root:Order:2 17 10
DEBUG:root:Order:18 17 1
DEBUG:root:Order:18 8 1
DEBUG:root:Order:18 4 2
DEBUG:root:Order:11 4 1
DEBUG:root:Order:13 4 1
DEBUG:root:Finish turn

DEBUG:root:Order:2 8 1
DEBUG:root:Order:4 8 1
DEBUG:root:Finish turn

DEBUG:root:Order:2 8 1
DEBUG:root:Order:17 8 1
DEBUG:root:Finish turn

DEBUG:root:Order:2 8 2
DEBUG:root:Order:17 8 2
DEBUG:root:Order:18 8 1
DEBUG:root:Order:18 4 2
DEBUG:root:Order:11 4 1
DEBUG:root:Finish turn

DEBUG:root:Order:2 8 1
DEBUG:root:Order:13 8 1
DEBUG:root:Order:13 4 1
DEBUG:root:Finish turn

DEBUG:root:Order:17 8 2
DEBUG:root:Order:2 8 1
DEBUG:root:Order:2 4 1
DEBUG:root:Order:18 4 1
DEBUG:root:Order:18 13 1
DEBUG:root:Finish turn

DEBUG:root:Order:17 8 1
DEBUG:root:Finish turn

DEBUG:root:Order:2 8 2
DEBUG:root:Order:17 8 2
DEBUG:root:Order:17 4 2
DEBUG:root:Order:18 4 1
DEBUG:root:Finish turn

DEBUG:root:Order:11 21 76.0
DEBUG:root:Order:18 11 13
DEBUG:root:Order:2 11 12
DEBUG:root:Order:13 11 12
DEBUG:root:Order:17 11 10
DEBUG:root:Order:4 11 8
DEBUG:root:Order:8 11 7
DEBUG:root:Finish turn

DEBUG:root:Order:2 8 1
DEBUG:root:Order:17 8 1
DEBUG:root:Order:17 4 1
DEBUG:root:Order:17 11 1
DEBUG:root:Finish turn

DEBUG:root:Order:18 8 2
DEBUG:root:Order:2 8 1
DEBUG:root:Order:2 4 1
DEBUG:root:Finish turn

DEBUG:root:Order:2 22 76.0
DEBUG:root:Order:18 2 13
DEBUG:root:Order:13 2 12
DEBUG:root:Order:17 2 12
DEBUG:root:Order:11 2 11
DEBUG:root:Order:4 2 8
DEBUG:root:Order:8 2 8
DEBUG:root:Finish turn

DEBUG:root:Order:2 11 6
DEBUG:root:Order:17 11 6
DEBUG:root:Order:18 11 6
DEBUG:root:Order:13 11 5
DEBUG:root:Order:4 11 3
DEBUG:root:Order:8 11 2
DEBUG:root:Finish turn

DEBUG:root:Order:17 2 6
DEBUG:root:Order:18 2 6
DEBUG:root:Order:13 2 5
DEBUG:root:Order:11 2 4
DEBUG:root:Order:4 2 3
DEBUG:root:Order:8 2 2
DEBUG:root:Finish turn

DEBUG:root:Order:2 8 8
DEBUG:root:Order:17 8 8
DEBUG:root:Order:18 8 8
DEBUG:root:Order:11 8 7
DEBUG:root:Order:13 8 7
DEBUG:root:Order:4 8 5
DEBUG:root:Finish turn

DEBUG:root:Order:2 8 2
DEBUG:root:Order:17 8 2
DEBUG:root:Order:18 8 2
DEBUG:root:Order:11 8 1
DEBUG:root:Order:11 4 1
DEBUG:root:Finish turn

DEBUG:root:Order:2 4 10
DEBUG:root:Order:13 4 10
DEBUG:root:Order:17 4 10
DEBUG:root:Order:18 4 10
DEBUG:root:Order:11 4 8
DEBUG:root:Order:8 4 6
DEBUG:root:Finish turn

DEBUG:root:Order:17 11 5
DEBUG:root:Order:18 11 5
DEBUG:root:Order:13 11 4
DEBUG:root:Order:4 11 1
DEBUG:root:Order:8 11 1
DEBUG:root:Finish turn

DEBUG:root:Order:17 8 1
DEBUG:root:Order:18 8 1
DEBUG:root:Order:18 4 1
DEBUG:root:Finish turn

DEBUG:root:Order:17 8 3
DEBUG:root:Order:11 8 2
DEBUG:root:Order:13 8 2
DEBUG:root:Order:18 8 2
DEBUG:root:Finish turn

DEBUG:root:Order:17 4 5
DEBUG:root:Order:18 4 5
DEBUG:root:Order:11 4 4
DEBUG:root:Order:13 4 4
DEBUG:root:Order:13 8 4
DEBUG:root:Finish turn

DEBUG:root:Order:18 17 15
DEBUG:root:Bad order:8 12.0 14
DEBUG:root:Order:11 17 14
DEBUG:root:Order:4 17 11
DEBUG:root:Order:13 17 10
DEBUG:root:Finish turn

DEBUG:root:Bad order:8 11.0 17
DEBUG:root:Order:18 11 7
DEBUG:root:Order:13 11 6
DEBUG:root:Order:4 11 4
DEBUG:root:Finish turn

DEBUG:root:Bad order:8 13.0 26
DEBUG:root:Order:18 22 13
DEBUG:root:Order:13 22 12
DEBUG:root:Order:17 22 5
DEBUG:root:Order:11 22 2
DEBUG:root:Finish turn

DEBUG:root:Bad order:8 22.0 32
DEBUG:root:Order:17 4 10
DEBUG:root:Order:18 4 10
DEBUG:root:Order:11 4 9
DEBUG:root:Order:13 4 9
DEBUG:root:Finish turn

DEBUG:root:Order:8 11 1
DEBUG:root:Finish turn

DEBUG:root:Order:17 8 1
DEBUG:root:Order:18 8 1
DEBUG:root:Order:18 13 1
DEBUG:root:Finish turn

DEBUG:root:Order:17 22 17
DEBUG:root:Order:13 22 16
DEBUG:root:Order:18 22 16
DEBUG:root:Order:8 22 7
DEBUG:root:Order:8 11 7
DEBUG:root:Finish turn

DEBUG:root:Order:17 8 1
DEBUG:root:Order:18 8 1
DEBUG:root:Finish turn

DEBUG:root:Order:17 8 7
DEBUG:root:Order:18 8 7
DEBUG:root:Order:13 8 6
DEBUG:root:Order:11 8 5
DEBUG:root:Finish turn

DEBUG:root:Order:17 22 3
DEBUG:root:Order:18 22 3
DEBUG:root:Order:11 22 2
DEBUG:root:Order:11 8 2
DEBUG:root:Finish turn

DEBUG:root:Order:13 11 6
DEBUG:root:Order:17 11 5
DEBUG:root:Order:18 11 5
DEBUG:root:Order:22 11 3
DEBUG:root:Order:8 11 1
DEBUG:root:Finish turn

DEBUG:root:Order:17 11 2
DEBUG:root:Order:18 11 1
DEBUG:root:Order:18 8 2
DEBUG:root:Finish turn

DEBUG:root:Order:13 8 3
DEBUG:root:Order:17 8 3
DEBUG:root:Order:11 8 2
DEBUG:root:Order:18 8 2
DEBUG:root:Order:22 8 1
DEBUG:root:Finish turn

DEBUG:root:Order:17 22 6
DEBUG:root:Order:18 22 6
DEBUG:root:Order:11 22 5
DEBUG:root:Order:13 22 5
DEBUG:root:Finish turn

DEBUG:root:Order:17 11 4
DEBUG:root:Order:18 11 4
DEBUG:root:Order:13 11 3
DEBUG:root:Order:13 8 2
DEBUG:root:Finish turn

DEBUG:root:Order:17 8 2
DEBUG:root:Order:18 8 1
DEBUG:root:Order:18 13 1
DEBUG:root:Finish turn

DEBUG:root:Order:17 8 1
DEBUG:root:Order:18 8 1
DEBUG:root:Order:18 22 1
DEBUG:root:Finish turn

DEBUG:root:Order:17 8 1
DEBUG:root:Finish turn

DEBUG:root:Order:17 8 2
DEBUG:root:Order:18 8 2
DEBUG:root:Order:11 8 1
DEBUG:root:Order:11 22 1
DEBUG:root:Finish turn

DEBUG:root:Order:13 8 1
DEBUG:root:Order:17 8 1
DEBUG:root:Order:17 11 1
DEBUG:root:Order:18 11 1
DEBUG:root:Finish turn

DEBUG:root:Order:11 8 1
DEBUG:root:Order:18 8 1
DEBUG:root:Finish turn

DEBUG:root:Order:17 8 2
DEBUG:root:Order:18 8 2
DEBUG:root:Order:18 22 2
DEBUG:root:Finish turn

DEBUG:root:Order:11 8 8
DEBUG:root:Order:13 8 8
DEBUG:root:Order:17 8 8
DEBUG:root:Order:18 8 6
DEBUG:root:Order:22 8 6
DEBUG:root:Finish turn

DEBUG:root:Order:17 11 11
DEBUG:root:Order:18 11 11
DEBUG:root:Order:13 11 10
DEBUG:root:Order:22 11 9
DEBUG:root:Order:8 11 3
DEBUG:root:Finish turn

DEBUG:root:Order:17 22 15
DEBUG:root:Order:18 22 15
DEBUG:root:Order:13 22 14
DEBUG:root:Order:8 22 11
DEBUG:root:Order:11 22 9
DEBUG:root:Finish turn

DEBUG:root:Order:18 17 14
DEBUG:root:Order:11 17 13
DEBUG:root:Order:13 17 13
DEBUG:root:Order:22 17 12
DEBUG:root:Bad order:8 2.0 10
DEBUG:root:Finish turn

DEBUG:root:Bad order:8 6.0 21
DEBUG:root:Order:13 18 14
DEBUG:root:Order:22 18 13
DEBUG:root:Order:17 18 4
DEBUG:root:Finish turn

DEBUG:root:Bad order:8 9.0 18
DEBUG:root:Order:17 18 1
DEBUG:root:Finish turn

DEBUG:root:Bad order:8 10.0 28
DEBUG:root:Order:17 13 14
DEBUG:root:Order:22 13 11
DEBUG:root:Finish turn

DEBUG:root:Order:8 13 13
DEBUG:root:Order:17 13 4
DEBUG:root:Order:22 13 2
DEBUG:root:Order:22 18 2
DEBUG:root:Finish turn

DEBUG:root:Order:18 8 2
DEBUG:root:Order:18 22 2
DEBUG:root:Order:18 13 2
DEBUG:root:Order:17 13 1
DEBUG:root:Finish turn

DEBUG:root:Order:13 8 2
DEBUG:root:Order:13 18 1
DEBUG:root:Order:13 22 3
DEBUG:root:Order:17 22 2
DEBUG:root:Finish turn

DEBUG:root:Order:22 8 3
DEBUG:root:Order:22 13 2
DEBUG:root:Finish turn

DEBUG:root:Order:17 22 12
DEBUG:root:Order:18 22 11
DEBUG:root:Order:8 22 6
DEBUG:root:Finish turn

DEBUG:root:Order:17 8 1
DEBUG:root:Order:18 8 1
DEBUG:root:Order:18 22 1
DEBUG:root:Finish turn

DEBUG:root:Order:17 8 2
DEBUG:root:Order:18 8 1
DEBUG:root:Finish turn

DEBUG:root:Order:17 13 15
DEBUG:root:Order:18 13 15
DEBUG:root:Order:22 13 13
DEBUG:root:Order:8 13 11
DEBUG:root:Finish turn

DEBUG:root:Order:17 8 1
DEBUG:root:Order:18 8 1
DEBUG:root:Order:18 13 1
DEBUG:root:Order:18 22 1
DEBUG:root:Finish turn

DEBUG:root:Order:17 8 2
DEBUG:root:Finish turn

DEBUG:root:Order:17 8 1
DEBUG:root:Order:18 8 1
DEBUG:root:Finish turn

DEBUG:root:Order:17 8 2
DEBUG:root:Order:18 8 1
DEBUG:root:Order:18 22 2
DEBUG:root:Finish turn

DEBUG:root:Order:17 8 9
DEBUG:root:Order:18 8 8
DEBUG:root:Order:22 8 8
DEBUG:root:Finish turn

DEBUG:root:Order:17 22 15
DEBUG:root:Order:18 22 15
DEBUG:root:Order:8 22 10
DEBUG:root:Finish turn

DEBUG:root:Order:18 17 16
DEBUG:root:Order:8 17 12
DEBUG:root:Order:22 17 11
DEBUG:root:Finish turn

DEBUG:root:Order:17 13 25
DEBUG:root:Order:22 13 6
DEBUG:root:Order:22 18 19
DEBUG:root:Finish turn

DEBUG:root:Order:17 22 1
DEBUG:root:Finish turn

DEBUG:root:Order:17 22 1
DEBUG:root:Order:18 22 1
DEBUG:root:Finish turn

DEBUG:root:Finish turn

DEBUG:root:Order:17 22 1
DEBUG:root:Order:18 22 1
DEBUG:root:Finish turn

DEBUG:root:Order:17 22 1
DEBUG:root:Order:18 22 1
DEBUG:root:Finish turn

DEBUG:root:Order:17 22 8
DEBUG:root:Order:18 22 8
DEBUG:root:Finish turn

DEBUG:root:Order:17 22 1
DEBUG:root:Order:18 22 1
DEBUG:root:Finish turn

DEBUG:root:Order:17 22 1
DEBUG:root:Order:18 22 1
DEBUG:root:Finish turn

DEBUG:root:Order:18 17 8
DEBUG:root:Order:22 17 6
DEBUG:root:Finish turn

DEBUG:root:Order:17 18 12
DEBUG:root:Order:22 18 12
DEBUG:root:Finish turn

DEBUG:root:Order:17 18 1
DEBUG:root:Finish turn

DEBUG:root:Order:17 22 1
DEBUG:root:Order:18 22 1
DEBUG:root:Finish turn

DEBUG:root:Finish turn

DEBUG:root:Order:17 22 11
DEBUG:root:Order:18 22 11
DEBUG:root:Finish turn

DEBUG:root:Order:18 17 15
DEBUG:root:Order:22 17 11
DEBUG:root:Finish turn

DEBUG:root:Finish turn

DEBUG:root:Order:17 22 1
DEBUG:root:Order:18 22 1
DEBUG:root:Finish turn

DEBUG:root:Order:17 18 11
DEBUG:root:Order:22 18 8
DEBUG:root:Finish turn

DEBUG:root:Finish turn

DEBUG:root:Order:17 22 1
DEBUG:root:Order:18 22 1
DEBUG:root:Finish turn

DEBUG:root:Order:17 22 1
DEBUG:root:Order:18 22 1
DEBUG:root:Finish turn

DEBUG:root:Order:17 22 11
DEBUG:root:Order:18 22 11
DEBUG:root:Finish turn

DEBUG:root:Order:18 17 14
DEBUG:root:Order:22 17 12
DEBUG:root:Finish turn

DEBUG:root:Order:17 18 11
DEBUG:root:Order:22 18 10
DEBUG:root:Finish turn

DEBUG:root:Order:17 18 1
DEBUG:root:Finish turn

DEBUG:root:Order:17 22 1
DEBUG:root:Order:18 22 1
DEBUG:root:Finish turn

DEBUG:root:Finish turn

DEBUG:root:Order:17 22 1
DEBUG:root:Order:18 22 1
DEBUG:root:Finish turn

DEBUG:root:Order:17 22 1
DEBUG:root:Order:18 22 1
DEBUG:root:Finish turn

DEBUG:root:Order:17 22 10
DEBUG:root:Order:18 22 10
DEBUG:root:Finish turn

DEBUG:root:Order:18 17 14
DEBUG:root:Order:22 17 11
DEBUG:root:Finish turn

DEBUG:root:Order:17 18 11
DEBUG:root:Order:22 18 10
DEBUG:root:Finish turn

DEBUG:root:Order:17 18 1
DEBUG:root:Finish turn

DEBUG:root:Order:17 22 1
DEBUG:root:Order:18 22 1
DEBUG:root:Finish turn

DEBUG:root:Finish turn

DEBUG:root:Order:17 22 1
DEBUG:root:Order:18 22 1
DEBUG:root:Finish turn

DEBUG:root:Order:18 17 11
DEBUG:root:Order:22 17 8
DEBUG:root:Finish turn

DEBUG:root:Order:18 22 11
DEBUG:root:Order:17 22 9
DEBUG:root:Finish turn

DEBUG:root:Finish turn

DEBUG:root:Order:17 18 9
DEBUG:root:Order:22 18 5
DEBUG:root:Finish turn

DEBUG:root:Order:17 22 1
DEBUG:root:Finish turn

DEBUG:root:Finish turn

DEBUG:root:Order:18 17 11
DEBUG:root:Order:22 17 7
DEBUG:root:Finish turn

DEBUG:root:Finish turn

DEBUG:root:Order:17 22 1
DEBUG:root:Order:18 22 1
DEBUG:root:Finish turn

DEBUG:root:Order:17 22 10
DEBUG:root:Order:18 22 10
DEBUG:root:Finish turn

DEBUG:root:Order:17 18 13
DEBUG:root:Order:22 18 10
DEBUG:root:Finish turn

DEBUG:root:Order:17 22 1
DEBUG:root:Finish turn

DEBUG:root:Order:18 17 8
DEBUG:root:Order:22 17 6
DEBUG:root:Finish turn

DEBUG:root:Order:18 17 1
DEBUG:root:Finish turn

DEBUG:root:Order:17 22 1
DEBUG:root:Order:18 22 1
DEBUG:root:Finish turn

DEBUG:root:Finish turn

DEBUG:root:Order:17 22 1
DEBUG:root:Order:18 22 1
DEBUG:root:Finish turn

DEBUG:root:Order:17 22 11
DEBUG:root:Order:18 22 11
DEBUG:root:Finish turn

DEBUG:root:Order:18 17 15
DEBUG:root:Order:22 17 12
DEBUG:root:Finish turn

DEBUG:root:Order:17 18 12
DEBUG:root:Order:22 18 10
DEBUG:root:Finish turn

DEBUG:root:Order:17 18 1
DEBUG:root:Finish turn

DEBUG:root:Order:17 22 1
DEBUG:root:Order:18 22 1
DEBUG:root:Finish turn

DEBUG:root:Finish turn

DEBUG:root:Order:17 22 1
DEBUG:root:Order:18 22 1
DEBUG:root:Finish turn

DEBUG:root:Order:18 17 11
DEBUG:root:Order:22 17 8
DEBUG:root:Finish turn

DEBUG:root:Order:18 22 11
DEBUG:root:Order:17 22 9
DEBUG:root:Finish turn

DEBUG:root:Finish turn

DEBUG:root:Order:17 18 9
DEBUG:root:Order:22 18 5
DEBUG:root:Finish turn

DEBUG:root:Order:17 22 1
DEBUG:root:Finish turn

DEBUG:root:Finish turn

DEBUG:root:Order:18 17 11
DEBUG:root:Order:22 17 7
DEBUG:root:Finish turn

DEBUG:root:Finish turn

DEBUG:root:Order:17 22 1
DEBUG:root:Order:18 22 1
DEBUG:root:Finish turn

DEBUG:root:Order:17 22 10
DEBUG:root:Order:18 22 10
DEBUG:root:Finish turn

DEBUG:root:Order:17 18 13
DEBUG:root:Order:22 18 10
DEBUG:root:Finish turn

DEBUG:root:Order:17 22 1
DEBUG:root:Finish turn

DEBUG:root:Order:18 17 8
DEBUG:root:Order:22 17 6
DEBUG:root:Finish turn

DEBUG:root:Order:18 17 1
DEBUG:root:Finish turn

DEBUG:root:Order:17 22 1
DEBUG:root:Order:18 22 1
DEBUG:root:Finish turn

DEBUG:root:Finish turn

DEBUG:root:Order:17 22 1
DEBUG:root:Order:18 22 1
DEBUG:root:Finish turn

DEBUG:root:Order:17 22 11
DEBUG:root:Order:18 22 11
DEBUG:root:Finish turn

DEBUG:root:Order:18 17 15
DEBUG:root:Order:22 17 12
DEBUG:root:Finish turn

DEBUG:root:Order:17 18 12
DEBUG:root:Order:22 18 10
DEBUG:root:Finish turn

DEBUG:root:Order:17 18 1
DEBUG:root:Finish turn

DEBUG:root:Order:17 22 1
DEBUG:root:Order:18 22 1
DEBUG:root:Finish turn

DEBUG:root:Finish turn

DEBUG:root:Order:17 22 1
DEBUG:root:Order:18 22 1
DEBUG:root:Finish turn

DEBUG:root:Order:18 17 11
DEBUG:root:Order:22 17 8
DEBUG:root:Finish turn

DEBUG:root:Order:18 22 11
DEBUG:root:Order:17 22 9
DEBUG:root:Finish turn

DEBUG:root:Finish turn

DEBUG:root:Order:17 18 9
DEBUG:root:Order:22 18 5
DEBUG:root:Finish turn

DEBUG:root:Order:17 22 1
DEBUG:root:Finish turn

DEBUG:root:Finish turn

DEBUG:root:Order:18 17 11
DEBUG:root:Order:22 17 7
DEBUG:root:Finish turn

DEBUG:root:Finish turn

DEBUG:root:Order:17 22 1
DEBUG:root:Order:18 22 1
DEBUG:root:Finish turn

DEBUG:root:Order:17 22 10
DEBUG:root:Order:18 22 10
DEBUG:root:Finish turn

DEBUG:root:Order:17 18 13
DEBUG:root:Order:22 18 10
DEBUG:root:Finish turn

DEBUG:root:Order:17 22 1
DEBUG:root:Finish turn

DEBUG:root:Order:18 17 8
DEBUG:root:Order:22 17 6
DEBUG:root:Finish turn

DEBUG:root:Order:18 17 1
DEBUG:root:Finish turn

DEBUG:root:Order:17 22 1
DEBUG:root:Order:18 22 1
DEBUG:root:Finish turn

DEBUG:root:Finish turn

DEBUG:root:Order:17 22 1
DEBUG:root:Order:18 22 1
DEBUG:root:Finish turn

DEBUG:root:Order:17 22 11
DEBUG:root:Order:18 22 11
DEBUG:root:Finish turn

DEBUG:root:Order:18 17 15
DEBUG:root:Order:22 17 12
DEBUG:root:Finish turn

DEBUG:root:Order:17 18 12
DEBUG:root:Order:22 18 10
DEBUG:root:Finish turn

DEBUG:root:Order:17 18 1
DEBUG:root:Finish turn

DEBUG:root:Order:17 22 1
DEBUG:root:Order:18 22 1
DEBUG:root:Finish turn

DEBUG:root:Finish turn

DEBUG:root:Order:17 22 1
DEBUG:root:Order:18 22 1
DEBUG:root:Finish turn

DEBUG:root:Order:18 17 11
DEBUG:root:Order:22 17 8
DEBUG:root:Finish turn

DEBUG:root:Order:18 22 11
DEBUG:root:Order:17 22 9
DEBUG:root:Finish turn

DEBUG:root:Finish turn

DEBUG:root:Order:17 18 9
DEBUG:root:Order:22 18 5
DEBUG:root:Finish turn

DEBUG:root:Order:17 22 1
DEBUG:root:Finish turn

DEBUG:root:Finish turn

DEBUG:root:Order:18 17 11
DEBUG:root:Order:22 17 7
DEBUG:root:Finish turn

DEBUG:root:Finish turn

DEBUG:root:Order:17 22 1
DEBUG:root:Order:18 22 1
DEBUG:root:Finish turn

DEBUG:root:Order:17 22 10
DEBUG:root:Order:18 22 10
DEBUG:root:Finish turn

DEBUG:root:Order:17 18 13
DEBUG:root:Order:22 18 10
DEBUG:root:Finish turn

DEBUG:root:Order:17 22 1
DEBUG:root:Finish turn

DEBUG:root:Order:18 17 8
DEBUG:root:Order:22 17 6
DEBUG:root:Finish turn

DEBUG:root:Order:18 17 1
DEBUG:root:Finish turn

DEBUG:root:Order:17 22 1
DEBUG:root:Order:18 22 1
DEBUG:root:Finish turn

DEBUG:root:Finish turn

DEBUG:root:Order:17 22 1
DEBUG:root:Order:18 22 1
DEBUG:root:Finish turn

DEBUG:root:Order:17 22 11
DEBUG:root:Order:18 22 11
DEBUG:root:Finish turn

DEBUG:root:Order:18 17 15
DEBUG:root:Order:22 17 12
DEBUG:root:Finish turn

DEBUG:root:Order:17 18 12
DEBUG:root:Order:22 18 10
DEBUG:root:Finish turn

DEBUG:root:Order:17 18 1
DEBUG:root:Finish turn

DEBUG:root:Order:17 22 1
DEBUG:root:Order:18 22 1
DEBUG:root:Finish turn

DEBUG:root:Finish turn

DEBUG:root:Order:17 22 1
DEBUG:root:Order:18 22 1
DEBUG:root:Finish turn

DEBUG:root:Order:18 17 11
DEBUG:root:Order:22 17 8
DEBUG:root:Finish turn

DEBUG:root:Order:18 22 11
DEBUG:root:Order:17 22 9
DEBUG:root:Finish turn

DEBUG:root:Finish turn

DEBUG:root:Order:17 18 9
DEBUG:root:Order:22 18 5
DEBUG:root:Finish turn

DEBUG:root:Order:17 22 1
DEBUG:root:Finish turn

DEBUG:root:Finish turn

DEBUG:root:Order:18 17 11
DEBUG:root:Order:22 17 7
DEBUG:root:Finish turn

DEBUG:root:Finish turn

DEBUG:root:Order:17 22 1
DEBUG:root:Order:18 22 1
DEBUG:root:Finish turn

DEBUG:root:Order:17 22 10
DEBUG:root:Order:18 22 10
DEBUG:root:Finish turn

DEBUG:root:Order:17 18 13
DEBUG:root:Order:22 18 10
DEBUG:root:Finish turn

DEBUG:root:Order:17 22 1
DEBUG:root:Finish turn

DEBUG:root:Order:18 17 8
DEBUG:root:Order:22 17 6
DEBUG:root:Finish turn

DEBUG:root:Order:18 17 1
DEBUG:root:Finish turn

DEBUG:root:Order:17 22 1
DEBUG:root:Order:18 22 1
DEBUG:root:Finish turn

DEBUG:root:Finish turn

DEBUG:root:Order:17 22 1
DEBUG:root:Order:18 22 1
DEBUG:root:Finish turn

DEBUG:root:Order:17 22 11
DEBUG:root:Order:18 22 11
DEBUG:root:Finish turn

DEBUG:root:Order:18 17 15
DEBUG:root:Order:22 17 12
DEBUG:root:Finish turn

DEBUG:root:Order:17 18 12
DEBUG:root:Order:22 18 10
DEBUG:root:Finish turn

DEBUG:root:Order:17 18 1
DEBUG:root:Finish turn

DEBUG:root:Order:17 22 1
DEBUG:root:Order:18 22 1
DEBUG:root:Finish turn

DEBUG:root:Finish turn

DEBUG:root:Order:17 22 1
DEBUG:root:Order:18 22 1
DEBUG:root:Finish turn

DEBUG:root:Order:18 17 11
DEBUG:root:Order:22 17 8
DEBUG:root:Finish turn

DEBUG:root:Order:18 22 11
DEBUG:root:Order:17 22 9
DEBUG:root:Finish turn

DEBUG:root:Finish turn

DEBUG:root:Order:17 18 9
DEBUG:root:Order:22 18 5
DEBUG:root:Finish turn

DEBUG:root:Order:17 22 1
DEBUG:root:Finish turn

DEBUG:root:Finish turn

DEBUG:root:Order:18 17 11
DEBUG:root:Order:22 17 7
DEBUG:root:Finish turn

DEBUG:root:Finish turn

DEBUG:root:Order:17 22 1
DEBUG:root:Order:18 22 1
DEBUG:root:Finish turn

DEBUG:root:Order:17 22 10
DEBUG:root:Order:18 22 10
DEBUG:root:Finish turn

DEBUG:root:Order:17 18 13
DEBUG:root:Order:22 18 10
DEBUG:root:Finish turn

DEBUG:root:Order:17 22 1
DEBUG:root:Finish turn

DEBUG:root:Order:18 17 8
DEBUG:root:Order:22 17 6
DEBUG:root:Finish turn

DEBUG:root:Order:18 17 1
DEBUG:root:Finish turn

DEBUG:root:Order:17 22 1
DEBUG:root:Order:18 22 1
DEBUG:root:Finish turn

DEBUG:root:Finish turn

DEBUG:root:Order:17 22 1
DEBUG:root:Order:18 22 1
DEBUG:root:Finish turn

DEBUG:root:Order:17 22 11
DEBUG:root:Order:18 22 11
DEBUG:root:Finish turn

DEBUG:root:Order:18 17 15
DEBUG:root:Order:22 17 12
DEBUG:root:Finish turn

DEBUG:root:Order:17 18 12
DEBUG:root:Order:22 18 10
DEBUG:root:Finish turn

DEBUG:root:Order:17 18 1
DEBUG:root:Finish turn

DEBUG:root:Order:17 22 1
DEBUG:root:Order:18 22 1
DEBUG:root:Finish turn

DEBUG:root:Finish turn

DEBUG:root:Order:17 22 1
DEBUG:root:Order:18 22 1
DEBUG:root:Finish turn

DEBUG:root:Order:18 17 11
DEBUG:root:Order:22 17 8
DEBUG:root:Finish turn

DEBUG:root:Order:18 22 11
DEBUG:root:Order:17 22 9
DEBUG:root:Finish turn

DEBUG:root:Finish turn

DEBUG:root:Order:17 18 9
DEBUG:root:Order:22 18 5
DEBUG:root:Finish turn

DEBUG:root:Order:17 22 1
DEBUG:root:Finish turn

DEBUG:root:Finish turn

DEBUG:root:Order:18 17 11
DEBUG:root:Order:22 17 7
DEBUG:root:Finish turn

DEBUG:root:Finish turn

DEBUG:root:Order:17 22 1
DEBUG:root:Order:18 22 1
DEBUG:root:Finish turn

DEBUG:root:Order:17 22 10
DEBUG:root:Order:18 22 10
DEBUG:root:Finish turn

DEBUG:root:Order:17 18 13
DEBUG:root:Order:22 18 10
DEBUG:root:Finish turn

DEBUG:root:Order:17 22 1
DEBUG:root:Finish turn

DEBUG:root:Order:18 17 8
DEBUG:root:Order:22 17 6
DEBUG:root:Finish turn

DEBUG:root:Order:18 17 1
DEBUG:root:Finish turn

DEBUG:root:Order:17 22 1
DEBUG:root:Order:18 22 1
DEBUG:root:Finish turn

DEBUG:root:Finish turn

DEBUG:root:Order:17 22 1
DEBUG:root:Order:18 22 1
DEBUG:root:Finish turn

DEBUG:root:Order:17 22 11
DEBUG:root:Order:18 22 11
DEBUG:root:Finish turn

DEBUG:root:Order:18 17 15
DEBUG:root:Order:22 17 12
DEBUG:root:Finish turn

DEBUG:root:Order:17 18 12
DEBUG:root:Order:22 18 10
DEBUG:root:Finish turn

DEBUG:root:Order:17 18 1
DEBUG:root:Finish turn

DEBUG:root:Order:17 22 1
DEBUG:root:Order:18 22 1
DEBUG:root:Finish turn

DEBUG:root:Finish turn

DEBUG:root:Order:17 22 1
DEBUG:root:Order:18 22 1
DEBUG:root:Finish turn

DEBUG:root:Order:18 17 11
DEBUG:root:Order:22 17 8
DEBUG:root:Finish turn

DEBUG:root:Order:18 22 11
DEBUG:root:Order:17 22 9
DEBUG:root:Finish turn

DEBUG:root:Finish turn

DEBUG:root:Order:17 18 9
DEBUG:root:Order:22 18 5
DEBUG:root:Finish turn

DEBUG:root:Order:17 22 1
DEBUG:root:Finish turn

DEBUG:root:Finish turn

DEBUG:root:Order:18 17 11
DEBUG:root:Order:22 17 7
DEBUG:root:Finish turn

DEBUG:root:Finish turn

DEBUG:root:Order:17 22 1
DEBUG:root:Order:18 22 1
DEBUG:root:Finish turn

DEBUG:root:Order:17 22 10
DEBUG:root:Order:18 22 10
DEBUG:root:Finish turn

DEBUG:root:Order:17 18 13
DEBUG:root:Order:22 18 10
DEBUG:root:Finish turn

DEBUG:root:Order:17 22 1
DEBUG:root:Finish turn

DEBUG:root:Order:18 17 8
DEBUG:root:Order:22 17 6
DEBUG:root:Finish turn

DEBUG:root:Order:18 17 1
DEBUG:root:Finish turn

DEBUG:root:Order:17 22 1
DEBUG:root:Order:18 22 1
DEBUG:root:Finish turn

DEBUG:root:Finish turn

DEBUG:root:Order:17 22 1
DEBUG:root:Order:18 22 1
DEBUG:root:Finish turn

DEBUG:root:Order:17 22 11
DEBUG:root:Order:18 22 11
DEBUG:root:Finish turn

DEBUG:root:Order:18 17 15
DEBUG:root:Order:22 17 12
DEBUG:root:Finish turn

DEBUG:root:Order:17 18 12
DEBUG:root:Order:22 18 10
DEBUG:root:Finish turn

DEBUG:root:Order:17 18 1
DEBUG:root:Finish turn

DEBUG:root:Order:17 22 1
DEBUG:root:Order:18 22 1
DEBUG:root:Finish turn

DEBUG:root:Finish turn

DEBUG:root:Order:17 22 1
DEBUG:root:Order:18 22 1
DEBUG:root:Finish turn

DEBUG:root:Order:18 17 11
DEBUG:root:Order:22 17 8
DEBUG:root:Finish turn

DEBUG:root:Order:18 22 11
DEBUG:root:Order:17 22 9
DEBUG:root:Finish turn

DEBUG:root:Finish turn

DEBUG:root:Order:17 18 9
DEBUG:root:Order:22 18 5
DEBUG:root:Finish turn

DEBUG:root:Order:17 22 1
DEBUG:root:Finish turn

DEBUG:root:Finish turn

DEBUG:root:Order:18 17 11
DEBUG:root:Order:22 17 7
DEBUG:root:Finish turn

DEBUG:root:Finish turn

DEBUG:root:Order:17 22 1
DEBUG:root:Order:18 22 1
DEBUG:root:Finish turn

DEBUG:root:Order:17 22 10
DEBUG:root:Order:18 22 10
DEBUG:root:Finish turn

DEBUG:root:Order:17 18 13
DEBUG:root:Order:22 18 10
DEBUG:root:Finish turn

DEBUG:root:Order:17 22 1
DEBUG:root:Finish turn

DEBUG:root:Order:18 17 8
DEBUG:root:Order:22 17 6
DEBUG:root:Finish turn

DEBUG:root:Order:18 17 1
DEBUG:root:Finish turn

DEBUG:root:Order:17 22 1
DEBUG:root:Order:18 22 1
DEBUG:root:Finish turn

DEBUG:root:Finish turn

DEBUG:root:Order:17 22 1
DEBUG:root:Order:18 22 1
DEBUG:root:Finish turn

DEBUG:root:Order:17 22 11
DEBUG:root:Order:18 22 11
DEBUG:root:Finish turn

DEBUG:root:Order:18 17 15
DEBUG:root:Order:22 17 12
DEBUG:root:Finish turn

DEBUG:root:Order:17 18 12
DEBUG:root:Order:22 18 10
DEBUG:root:Finish turn

DEBUG:root:Order:17 18 1
DEBUG:root:Finish turn

DEBUG:root:Order:17 22 1
DEBUG:root:Order:18 22 1
DEBUG:root:Finish turn

DEBUG:root:Finish turn

DEBUG:root:Order:17 22 1
DEBUG:root:Order:18 22 1
DEBUG:root:Finish turn

DEBUG:root:Order:18 17 11
DEBUG:root:Order:22 17 8
DEBUG:root:Finish turn

DEBUG:root:Order:18 22 11
DEBUG:root:Order:17 22 9
DEBUG:root:Finish turn

DEBUG:root:Finish turn

DEBUG:root:Order:17 18 9
DEBUG:root:Order:22 18 5
DEBUG:root:Finish turn

DEBUG:root:Order:17 22 1
DEBUG:root:Finish turn

DEBUG:root:Finish turn

DEBUG:root:Order:18 17 11
DEBUG:root:Order:22 17 7
DEBUG:root:Finish turn

DEBUG:root:Finish turn

DEBUG:root:Order:17 22 1
DEBUG:root:Order:18 22 1
DEBUG:root:Finish turn

DEBUG:root:Order:17 22 10
DEBUG:root:Order:18 22 10
DEBUG:root:Finish turn

DEBUG:root:Order:17 18 13
DEBUG:root:Order:22 18 10
DEBUG:root:Finish turn

DEBUG:root:Order:17 22 1
DEBUG:root:Finish turn

DEBUG:root:Order:18 17 8
DEBUG:root:Order:22 17 6
DEBUG:root:Finish turn

DEBUG:root:Order:18 17 1
DEBUG:root:Finish turn

DEBUG:root:Order:17 22 1
DEBUG:root:Order:18 22 1
DEBUG:root:Finish turn

DEBUG:root:Finish turn

DEBUG:root:Order:17 22 1
DEBUG:root:Order:18 22 1
DEBUG:root:Finish turn

DEBUG:root:Order:17 22 11
DEBUG:root:Order:18 22 11
DEBUG:root:Finish turn

DEBUG:root:Order:18 17 15
DEBUG:root:Order:22 17 12
DEBUG:root:Finish turn

DEBUG:root:Order:17 18 12
DEBUG:root:Order:22 18 10
DEBUG:root:Finish turn

DEBUG:root:Order:17 18 1
DEBUG:root:Finish turn

DEBUG:root:Order:17 22 1
DEBUG:root:Order:18 22 1
DEBUG:root:Finish turn

DEBUG:root:Finish turn

DEBUG:root:Order:17 22 1
DEBUG:root:Order:18 22 1
DEBUG:root:Finish turn

DEBUG:root:Order:18 17 11
DEBUG:root:Order:22 17 8
DEBUG:root:Finish turn

DEBUG:root:Order:18 22 11
DEBUG:root:Order:17 22 9
DEBUG:root:Finish turn

DEBUG:root:Finish turn

DEBUG:root:Order:17 18 9
DEBUG:root:Order:22 18 5
DEBUG:root:Finish turn

DEBUG:root:Order:17 22 1
DEBUG:root:Finish turn

DEBUG:root:Finish turn

DEBUG:root:Order:18 17 11
DEBUG:root:Order:22 17 7
DEBUG:root:Finish turn

DEBUG:root:Finish turn

DEBUG:root:Order:17 22 1
DEBUG:root:Order:18 22 1
DEBUG:root:Finish turn

DEBUG:root:Order:17 22 10
DEBUG:root:Order:18 22 10
DEBUG:root:Finish turn

DEBUG:root:Order:17 18 13
DEBUG:root:Order:22 18 10
DEBUG:root:Finish turn

DEBUG:root:Order:17 22 1
DEBUG:root:Finish turn

DEBUG:root:Order:18 17 8
DEBUG:root:Order:22 17 6
DEBUG:root:Finish turn

DEBUG:root:Order:18 17 1
DEBUG:root:Finish turn

DEBUG:root:Order:17 22 1
DEBUG:root:Order:18 22 1
DEBUG:root:Finish turn

DEBUG:root:Finish turn

DEBUG:root:Order:17 22 1
DEBUG:root:Order:18 22 1
DEBUG:root:Finish turn

DEBUG:root:Order:17 22 11
DEBUG:root:Order:18 22 11
DEBUG:root:Finish turn

DEBUG:root:Order:18 17 15
DEBUG:root:Order:22 17 12
DEBUG:root:Finish turn

DEBUG:root:Order:17 18 12
DEBUG:root:Order:22 18 10
DEBUG:root:Finish turn

DEBUG:root:Order:17 18 1
DEBUG:root:Finish turn

DEBUG:root:Order:17 22 1
DEBUG:root:Order:18 22 1
DEBUG:root:Finish turn

DEBUG:root:Finish turn

DEBUG:root:Order:17 22 1
DEBUG:root:Order:18 22 1
DEBUG:root:Finish turn

DEBUG:root:Order:18 17 11
DEBUG:root:Order:22 17 8
DEBUG:root:Finish turn

DEBUG:root:Order:18 22 11
DEBUG:root:Order:17 22 9
DEBUG:root:Finish turn

DEBUG:root:Finish turn

DEBUG:root:Order:17 18 9
DEBUG:root:Order:22 18 5
DEBUG:root:Finish turn

DEBUG:root:Order:17 22 1
DEBUG:root:Finish turn

DEBUG:root:Finish turn

DEBUG:root:Order:18 17 11
DEBUG:root:Order:22 17 7
DEBUG:root:Finish turn

DEBUG:root:Finish turn

DEBUG:root:Order:17 22 1
DEBUG:root:Order:18 22 1
DEBUG:root:Finish turn

DEBUG:root:Order:17 22 10
DEBUG:root:Order:18 22 10
DEBUG:root:Finish turn

DEBUG:root:Order:17 18 13
DEBUG:root:Order:22 18 10
DEBUG:root:Finish turn

DEBUG:root:Order:17 22 1
DEBUG:root:Finish turn

DEBUG:root:Order:18 17 8
DEBUG:root:Order:22 17 6
DEBUG:root:Finish turn

DEBUG:root:Order:18 17 1
DEBUG:root:Finish turn

DEBUG:root:Order:17 22 1
DEBUG:root:Order:18 22 1
DEBUG:root:Finish turn

DEBUG:root:Finish turn

DEBUG:root:Order:17 22 1
DEBUG:root:Order:18 22 1
DEBUG:root:Finish turn

DEBUG:root:Order:17 22 11
DEBUG:root:Order:18 22 11
DEBUG:root:Finish turn

DEBUG:root:Order:18 17 15
DEBUG:root:Order:22 17 12
DEBUG:root:Finish turn

DEBUG:root:Order:17 18 12
DEBUG:root:Order:22 18 10
DEBUG:root:Finish turn

DEBUG:root:Order:17 18 1
DEBUG:root:Finish turn

DEBUG:root:Order:17 22 1
DEBUG:root:Order:18 22 1
DEBUG:root:Finish turn

DEBUG:root:Finish turn

DEBUG:root:Order:17 22 1
DEBUG:root:Order:18 22 1
DEBUG:root:Finish turn

DEBUG:root:Order:18 17 11
DEBUG:root:Order:22 17 8
DEBUG:root:Finish turn

DEBUG:root:Order:18 22 11
DEBUG:root:Order:17 22 9
DEBUG:root:Finish turn

DEBUG:root:Finish turn

DEBUG:root:Order:17 18 9
DEBUG:root:Order:22 18 5
DEBUG:root:Finish turn

DEBUG:root:Order:17 22 1
DEBUG:root:Finish turn

DEBUG:root:Finish turn

DEBUG:root:Order:18 17 11
DEBUG:root:Order:22 17 7
DEBUG:root:Finish turn

DEBUG:root:Finish turn

DEBUG:root:Order:17 22 1
DEBUG:root:Order:18 22 1
DEBUG:root:Finish turn

DEBUG:root:Order:17 22 10
DEBUG:root:Order:18 22 10
DEBUG:root:Finish turn

DEBUG:root:Order:17 18 13
DEBUG:root:Order:22 18 10
DEBUG:root:Finish turn

DEBUG:root:Order:17 22 1
DEBUG:root:Finish turn

DEBUG:root:Order:18 17 8
DEBUG:root:Order:22 17 6
DEBUG:root:Finish turn

DEBUG:root:Order:18 17 1
DEBUG:root:Finish turn

DEBUG:root:Order:17 22 1
DEBUG:root:Order:18 22 1
DEBUG:root:Finish turn

DEBUG:root:Finish turn

DEBUG:root:Order:17 22 1
DEBUG:root:Order:18 22 1
DEBUG:root:Finish turn

DEBUG:root:Order:17 22 11
DEBUG:root:Order:18 22 11
DEBUG:root:Finish turn

DEBUG:root:Order:18 17 15
DEBUG:root:Order:22 17 12
DEBUG:root:Finish turn

DEBUG:root:Order:17 18 12
DEBUG:root:Order:22 18 10
DEBUG:root:Finish turn

DEBUG:root:Order:17 18 1
DEBUG:root:Finish turn

DEBUG:root:Order:17 22 1
DEBUG:root:Order:18 22 1
DEBUG:root:Finish turn

DEBUG:root:Finish turn

DEBUG:root:Order:17 22 1
DEBUG:root:Order:18 22 1
DEBUG:root:Finish turn

DEBUG:root:Order:18 17 11
DEBUG:root:Order:22 17 8
DEBUG:root:Finish turn

DEBUG:root:Order:18 22 11
DEBUG:root:Order:17 22 9
DEBUG:root:Finish turn

DEBUG:root:Finish turn

DEBUG:root:Order:17 18 9
DEBUG:root:Order:22 18 5
DEBUG:root:Finish turn

DEBUG:root:Order:17 22 1
DEBUG:root:Finish turn

DEBUG:root:Finish turn

DEBUG:root:Order:18 17 11
DEBUG:root:Order:22 17 7
DEBUG:root:Finish turn

DEBUG:root:Finish turn

DEBUG:root:Order:17 22 1
DEBUG:root:Order:18 22 1
DEBUG:root:Finish turn

DEBUG:root:Order:17 22 10
DEBUG:root:Order:18 22 10
DEBUG:root:Finish turn

DEBUG:root:Order:17 18 13
DEBUG:root:Order:22 18 10
DEBUG:root:Finish turn

DEBUG:root:Order:17 22 1
DEBUG:root:Finish turn

DEBUG:root:Order:18 17 8
DEBUG:root:Order:22 17 6
DEBUG:root:Finish turn

DEBUG:root:Order:18 17 1
DEBUG:root:Finish turn

DEBUG:root:Order:17 22 1
DEBUG:root:Order:18 22 1
DEBUG:root:Finish turn

DEBUG:root:Finish turn

DEBUG:root:Order:17 22 1
DEBUG:root:Order:18 22 1
DEBUG:root:Finish turn

DEBUG:root:Order:17 22 11
DEBUG:root:Order:18 22 11
DEBUG:root:Finish turn

DEBUG:root:Order:18 17 15
DEBUG:root:Order:22 17 12
DEBUG:root:Finish turn

DEBUG:root:Order:17 18 12
DEBUG:root:Order:22 18 10
DEBUG:root:Finish turn

DEBUG:root:Order:17 18 1
DEBUG:root:Finish turn

DEBUG:root:Order:17 22 1
DEBUG:root:Order:18 22 1
DEBUG:root:Finish turn

DEBUG:root:Finish turn

DEBUG:root:Order:17 22 1
DEBUG:root:Order:18 22 1
DEBUG:root:Finish turn

DEBUG:root:Order:18 17 11
DEBUG:root:Order:22 17 8
DEBUG:root:Finish turn

DEBUG:root:Order:18 22 11
DEBUG:root:Order:17 22 9
DEBUG:root:Finish turn

DEBUG:root:Finish turn

DEBUG:root:Order:17 18 9
DEBUG:root:Order:22 18 5
DEBUG:root:Finish turn

DEBUG:root:Order:17 22 1
DEBUG:root:Finish turn

DEBUG:root:Finish turn

DEBUG:root:Order:18 17 11
DEBUG:root:Order:22 17 7
DEBUG:root:Finish turn

DEBUG:root:Finish turn

DEBUG:root:Order:17 22 1
DEBUG:root:Order:18 22 1
DEBUG:root:Finish turn

DEBUG:root:Order:17 22 10
DEBUG:root:Order:18 22 10
DEBUG:root:Finish turn

DEBUG:root:Order:17 18 13
DEBUG:root:Order:22 18 10
DEBUG:root:Finish turn

DEBUG:root:Order:17 22 1
DEBUG:root:Finish turn

DEBUG:root:Order:18 17 8
DEBUG:root:Order:22 17 6
DEBUG:root:Finish turn

DEBUG:root:Order:18 17 1
DEBUG:root:Finish turn

DEBUG:root:Order:17 22 1
DEBUG:root:Order:18 22 1
DEBUG:root:Finish turn

DEBUG:root:Finish turn

DEBUG:root:Order:17 22 1
DEBUG:root:Order:18 22 1
DEBUG:root:Finish turn

DEBUG:root:Order:17 22 11
DEBUG:root:Order:18 22 11
DEBUG:root:Finish turn

DEBUG:root:Order:18 17 15
DEBUG:root:Order:22 17 12
DEBUG:root:Finish turn

DEBUG:root:Order:17 18 12
DEBUG:root:Order:22 18 10
DEBUG:root:Finish turn

DEBUG:root:Order:17 18 1
DEBUG:root:Finish turn

DEBUG:root:Order:17 22 1
DEBUG:root:Order:18 22 1
DEBUG:root:Finish turn

DEBUG:root:Finish turn

DEBUG:root:Order:17 22 1
DEBUG:root:Order:18 22 1
DEBUG:root:Finish turn

DEBUG:root:Order:18 17 11
DEBUG:root:Order:22 17 8
DEBUG:root:Finish turn

DEBUG:root:Order:18 22 11
DEBUG:root:Order:17 22 9
DEBUG:root:Finish turn

DEBUG:root:Finish turn

DEBUG:root:Order:17 18 9
DEBUG:root:Order:22 18 5
DEBUG:root:Finish turn

DEBUG:root:Order:17 22 1
DEBUG:root:Finish turn

DEBUG:root:Finish turn

DEBUG:root:Order:18 17 11
DEBUG:root:Order:22 17 7
DEBUG:root:Finish turn

DEBUG:root:Finish turn

DEBUG:root:Order:17 22 1
DEBUG:root:Order:18 22 1
DEBUG:root:Finish turn

DEBUG:root:Order:17 22 10
DEBUG:root:Order:18 22 10
DEBUG:root:Finish turn

DEBUG:root:Order:17 18 13
DEBUG:root:Order:22 18 10
DEBUG:root:Finish turn

DEBUG:root:Order:17 22 1
DEBUG:root:Finish turn

DEBUG:root:Order:18 17 8
DEBUG:root:Order:22 17 6
DEBUG:root:Finish turn

DEBUG:root:Order:18 17 1
DEBUG:root:Finish turn

DEBUG:root:Order:17 22 1
DEBUG:root:Order:18 22 1
DEBUG:root:Finish turn

DEBUG:root:Finish turn

DEBUG:root:Order:17 22 1
DEBUG:root:Order:18 22 1
DEBUG:root:Finish turn

DEBUG:root:Order:17 22 11
DEBUG:root:Order:18 22 11
DEBUG:root:Finish turn

DEBUG:root:Order:18 17 15
DEBUG:root:Order:22 17 12
DEBUG:root:Finish turn

DEBUG:root:Order:17 18 12
DEBUG:root:Order:22 18 10
DEBUG:root:Finish turn

DEBUG:root:Order:17 18 1
DEBUG:root:Finish turn

DEBUG:root:Order:17 22 1
DEBUG:root:Order:18 22 1
DEBUG:root:Finish turn

DEBUG:root:Finish turn

DEBUG:root:Order:17 22 1
DEBUG:root:Order:18 22 1
DEBUG:root:Finish turn

DEBUG:root:Order:18 17 11
DEBUG:root:Order:22 17 8
DEBUG:root:Finish turn

DEBUG:root:Order:18 22 11
DEBUG:root:Order:17 22 9
DEBUG:root:Finish turn

DEBUG:root:Finish turn

DEBUG:root:Order:17 18 9
DEBUG:root:Order:22 18 5
DEBUG:root:Finish turn

DEBUG:root:Order:17 22 1
DEBUG:root:Finish turn

DEBUG:root:Finish turn

DEBUG:root:Order:18 17 11
DEBUG:root:Order:22 17 7
DEBUG:root:Finish turn

DEBUG:root:Finish turn

DEBUG:root:Order:17 22 1
DEBUG:root:Order:18 22 1
DEBUG:root:Finish turn

DEBUG:root:Order:17 22 10
DEBUG:root:Order:18 22 10
DEBUG:root:Finish turn

DEBUG:root:Order:17 18 13
DEBUG:root:Order:22 18 10
DEBUG:root:Finish turn

DEBUG:root:Order:17 22 1
DEBUG:root:Finish turn

DEBUG:root:Order:18 17 8
DEBUG:root:Order:22 17 6
DEBUG:root:Finish turn

DEBUG:root:Order:18 17 1
DEBUG:root:Finish turn

DEBUG:root:Order:17 22 1
DEBUG:root:Order:18 22 1
DEBUG:root:Finish turn

DEBUG:root:Finish turn

DEBUG:root:Order:17 22 1
DEBUG:root:Order:18 22 1
DEBUG:root:Finish turn

DEBUG:root:Order:17 22 11
DEBUG:root:Order:18 22 11
DEBUG:root:Finish turn

DEBUG:root:Order:18 17 15
DEBUG:root:Order:22 17 12
DEBUG:root:Finish turn

DEBUG:root:Order:17 18 12
DEBUG:root:Order:22 18 10
DEBUG:root:Finish turn

DEBUG:root:Order:17 18 1
DEBUG:root:Finish turn

DEBUG:root:Order:17 22 1
DEBUG:root:Order:18 22 1
DEBUG:root:Finish turn

DEBUG:root:Finish turn

DEBUG:root:Order:17 22 1
DEBUG:root:Order:18 22 1
DEBUG:root:Finish turn

DEBUG:root:Order:18 17 11
DEBUG:root:Order:22 17 8
DEBUG:root:Finish turn

DEBUG:root:Order:18 22 11
DEBUG:root:Order:17 22 9
DEBUG:root:Finish turn

DEBUG:root:Finish turn

DEBUG:root:Order:17 18 9
DEBUG:root:Order:22 18 5
DEBUG:root:Finish turn

DEBUG:root:Order:17 22 1
DEBUG:root:Finish turn

DEBUG:root:Finish turn

DEBUG:root:Order:18 17 11
DEBUG:root:Order:22 17 7
DEBUG:root:Finish turn

DEBUG:root:Finish turn

DEBUG:root:Order:17 22 1
DEBUG:root:Order:18 22 1
DEBUG:root:Finish turn

DEBUG:root:Order:17 22 10
DEBUG:root:Order:18 22 10
DEBUG:root:Finish turn

DEBUG:root:Order:17 18 13
DEBUG:root:Order:22 18 10
DEBUG:root:Finish turn

DEBUG:root:Order:17 22 1
DEBUG:root:Finish turn

DEBUG:root:Order:18 17 8
DEBUG:root:Order:22 17 6
DEBUG:root:Finish turn

DEBUG:root:Order:18 17 1
DEBUG:root:Finish turn

DEBUG:root:Order:17 22 1
DEBUG:root:Order:18 22 1
DEBUG:root:Finish turn

DEBUG:root:Finish turn

DEBUG:root:Order:17 22 1
DEBUG:root:Order:18 22 1
DEBUG:root:Finish turn

DEBUG:root:Order:17 22 11
DEBUG:root:Order:18 22 11
DEBUG:root:Finish turn

DEBUG:root:Order:18 17 15
DEBUG:root:Order:22 17 12
DEBUG:root:Finish turn

DEBUG:root:Order:17 18 12
DEBUG:root:Order:22 18 10
DEBUG:root:Finish turn

DEBUG:root:Order:17 18 1
DEBUG:root:Finish turn

DEBUG:root:Order:17 22 1
DEBUG:root:Order:18 22 1
DEBUG:root:Finish turn

DEBUG:root:Finish turn

DEBUG:root:Order:17 22 1
DEBUG:root:Order:18 22 1
DEBUG:root:Finish turn

DEBUG:root:Order:18 17 11
DEBUG:root:Order:22 17 8
DEBUG:root:Finish turn

DEBUG:root:Order:18 22 11
DEBUG:root:Order:17 22 9
DEBUG:root:Finish turn

DEBUG:root:Finish turn

DEBUG:root:Order:17 18 9
DEBUG:root:Order:22 18 5
DEBUG:root:Finish turn

DEBUG:root:Order:17 22 1
DEBUG:root:Finish turn

DEBUG:root:Finish turn

DEBUG:root:Order:18 17 11
DEBUG:root:Order:22 17 7
DEBUG:root:Finish turn

DEBUG:root:Finish turn

DEBUG:root:Order:17 22 1
DEBUG:root:Order:18 22 1
DEBUG:root:Finish turn

DEBUG:root:Order:17 22 10
DEBUG:root:Order:18 22 10
DEBUG:root:Finish turn

DEBUG:root:Order:17 18 13
DEBUG:root:Order:22 18 10
DEBUG:root:Finish turn

DEBUG:root:Order:17 22 1
DEBUG:root:Finish turn

DEBUG:root:Order:18 17 8
DEBUG:root:Order:22 17 6
DEBUG:root:Finish turn

DEBUG:root:Order:18 17 1
DEBUG:root:Finish turn

DEBUG:root:Order:17 22 1
DEBUG:root:Order:18 22 1
DEBUG:root:Finish turn

DEBUG:root:Finish turn

DEBUG:root:Order:17 22 1
DEBUG:root:Order:18 22 1
DEBUG:root:Finish turn

DEBUG:root:Order:17 22 11
DEBUG:root:Order:18 22 11
DEBUG:root:Finish turn

DEBUG:root:Order:18 17 15
DEBUG:root:Order:22 17 12
DEBUG:root:Finish turn

DEBUG:root:Order:17 18 12
DEBUG:root:Order:22 18 10
DEBUG:root:Finish turn

DEBUG:root:Order:17 18 1
DEBUG:root:Finish turn

DEBUG:root:Order:17 22 1
DEBUG:root:Order:18 22 1
DEBUG:root:Finish turn

DEBUG:root:Finish turn

DEBUG:root:Order:17 22 1
DEBUG:root:Order:18 22 1
DEBUG:root:Finish turn

DEBUG:root:Order:18 17 11
DEBUG:root:Order:22 17 8
DEBUG:root:Finish turn

DEBUG:root:Order:18 22 11
DEBUG:root:Order:17 22 9
DEBUG:root:Finish turn

DEBUG:root:Finish turn

DEBUG:root:Order:17 18 9
DEBUG:root:Order:22 18 5
DEBUG:root:Finish turn

DEBUG:root:Order:17 22 1
DEBUG:root:Finish turn

DEBUG:root:Finish turn

DEBUG:root:Order:18 17 11
DEBUG:root:Order:22 17 7
DEBUG:root:Finish turn

DEBUG:root:Finish turn

DEBUG:root:Order:17 22 1
DEBUG:root:Order:18 22 1
DEBUG:root:Finish turn

DEBUG:root:Order:17 22 10
DEBUG:root:Order:18 22 10
DEBUG:root:Finish turn

DEBUG:root:Order:17 18 13
DEBUG:root:Order:22 18 10
DEBUG:root:Finish turn

DEBUG:root:Order:17 22 1
DEBUG:root:Finish turn

DEBUG:root:Order:18 17 8
DEBUG:root:Order:22 17 6
DEBUG:root:Finish turn

DEBUG:root:Order:18 17 1
DEBUG:root:Finish turn

DEBUG:root:Order:17 22 1
DEBUG:root:Order:18 22 1
DEBUG:root:Finish turn

DEBUG:root:Finish turn

DEBUG:root:Order:17 22 1
DEBUG:root:Order:18 22 1
DEBUG:root:Finish turn

DEBUG:root:Order:17 22 11
DEBUG:root:Order:18 22 11
DEBUG:root:Finish turn

DEBUG:root:Order:18 17 15
DEBUG:root:Order:22 17 12
DEBUG:root:Finish turn

DEBUG:root:Order:17 18 12
DEBUG:root:Order:22 18 10
DEBUG:root:Finish turn

DEBUG:root:Order:17 18 1
DEBUG:root:Finish turn

DEBUG:root:Order:17 22 1
DEBUG:root:Order:18 22 1
DEBUG:root:Finish turn

DEBUG:root:Finish turn

DEBUG:root:Order:17 22 1
DEBUG:root:Order:18 22 1
DEBUG:root:Finish turn

DEBUG:root:Order:18 17 11
DEBUG:root:Order:22 17 8
DEBUG:root:Finish turn

DEBUG:root:Order:18 22 11
DEBUG:root:Order:17 22 9
DEBUG:root:Finish turn

DEBUG:root:Finish turn

DEBUG:root:Order:17 18 9
DEBUG:root:Order:22 18 5
DEBUG:root:Finish turn

DEBUG:root:Order:17 22 1
DEBUG:root:Finish turn

DEBUG:root:Finish turn

DEBUG:root:Order:18 17 11
DEBUG:root:Order:22 17 7
DEBUG:root:Finish turn

DEBUG:root:Finish turn

DEBUG:root:Order:17 22 1
DEBUG:root:Order:18 22 1
DEBUG:root:Finish turn

DEBUG:root:Order:17 22 10
DEBUG:root:Order:18 22 10
DEBUG:root:Finish turn

DEBUG:root:Order:17 18 13
DEBUG:root:Order:22 18 10
DEBUG:root:Finish turn

DEBUG:root:Order:17 22 1
DEBUG:root:Finish turn

DEBUG:root:Order:18 17 8
DEBUG:root:Order:22 17 6
DEBUG:root:Finish turn

DEBUG:root:Order:18 17 1
DEBUG:root:Finish turn

DEBUG:root:Order:17 22 1
DEBUG:root:Order:18 22 1
DEBUG:root:Finish turn

DEBUG:root:Finish turn

DEBUG:root:Order:17 22 1
DEBUG:root:Order:18 22 1
DEBUG:root:Finish turn

DEBUG:root:Order:17 22 11
DEBUG:root:Order:18 22 11
DEBUG:root:Finish turn

DEBUG:root:Order:18 17 15
DEBUG:root:Order:22 17 12
DEBUG:root:Finish turn

DEBUG:root:Order:17 18 12
DEBUG:root:Order:22 18 10
DEBUG:root:Finish turn

DEBUG:root:Order:17 18 1
DEBUG:root:Finish turn

DEBUG:root:Order:17 22 1
DEBUG:root:Order:18 22 1
DEBUG:root:Finish turn

DEBUG:root:Finish turn

DEBUG:root:Order:17 22 1
DEBUG:root:Order:18 22 1
DEBUG:root:Finish turn

DEBUG:root:Order:18 17 11
DEBUG:root:Order:22 17 8
DEBUG:root:Finish turn

DEBUG:root:Order:18 22 11
DEBUG:root:Order:17 22 9
DEBUG:root:Finish turn

DEBUG:root:Finish turn

DEBUG:root:Order:17 18 9
DEBUG:root:Order:22 18 5
DEBUG:root:Finish turn

DEBUG:root:Order:17 22 1
DEBUG:root:Finish turn

DEBUG:root:Finish turn

DEBUG:root:Order:18 17 11
DEBUG:root:Order:22 17 7
DEBUG:root:Finish turn

DEBUG:root:Finish turn

DEBUG:root:Order:17 22 1
DEBUG:root:Order:18 22 1
DEBUG:root:Finish turn

DEBUG:root:Order:17 22 10
DEBUG:root:Order:18 22 10
DEBUG:root:Finish turn

DEBUG:root:Order:17 18 13
DEBUG:root:Order:22 18 10
DEBUG:root:Finish turn

DEBUG:root:Order:17 22 1
DEBUG:root:Finish turn

DEBUG:root:Order:18 17 8
DEBUG:root:Order:22 17 6
DEBUG:root:Finish turn

DEBUG:root:Order:18 17 1
DEBUG:root:Finish turn

DEBUG:root:Order:17 22 1
DEBUG:root:Order:18 22 1
DEBUG:root:Finish turn

DEBUG:root:Finish turn

DEBUG:root:Order:17 22 1
DEBUG:root:Order:18 22 1
DEBUG:root:Finish turn

DEBUG:root:Order:17 22 11
DEBUG:root:Order:18 22 11
DEBUG:root:Finish turn

DEBUG:root:Order:18 17 15
DEBUG:root:Order:22 17 12
DEBUG:root:Finish turn

DEBUG:root:Order:17 18 12
DEBUG:root:Order:22 18 10
DEBUG:root:Finish turn

DEBUG:root:Order:17 18 1
DEBUG:root:Finish turn

DEBUG:root:Order:17 22 1
DEBUG:root:Order:18 22 1
DEBUG:root:Finish turn

DEBUG:root:Finish turn

DEBUG:root:Order:17 22 1
DEBUG:root:Order:18 22 1
DEBUG:root:Finish turn

DEBUG:root:Order:18 17 11
DEBUG:root:Order:22 17 8
DEBUG:root:Finish turn

DEBUG:root:Order:18 22 11
DEBUG:root:Order:17 22 9
DEBUG:root:Finish turn

DEBUG:root:Finish turn

DEBUG:root:Order:17 18 9
DEBUG:root:Order:22 18 5
DEBUG:root:Finish turn

DEBUG:root:Order:17 22 1
DEBUG:root:Finish turn

DEBUG:root:Finish turn

DEBUG:root:Order:18 17 11
DEBUG:root:Order:22 17 7
DEBUG:root:Finish turn

DEBUG:root:Finish turn

DEBUG:root:Order:17 22 1
DEBUG:root:Order:18 22 1
DEBUG:root:Finish turn

DEBUG:root:Order:17 22 10
DEBUG:root:Order:18 22 10
DEBUG:root:Finish turn

DEBUG:root:Order:17 18 13
DEBUG:root:Order:22 18 10
DEBUG:root:Finish turn

DEBUG:root:Order:17 22 1
DEBUG:root:Finish turn

DEBUG:root:Order:18 17 8
DEBUG:root:Order:22 17 6
DEBUG:root:Finish turn

DEBUG:root:Order:18 17 1
DEBUG:root:Finish turn

DEBUG:root:Order:17 22 1
DEBUG:root:Order:18 22 1
DEBUG:root:Finish turn

DEBUG:root:Finish turn

DEBUG:root:Order:17 22 1
DEBUG:root:Order:18 22 1
DEBUG:root:Finish turn

DEBUG:root:Order:17 22 11
DEBUG:root:Order:18 22 11
DEBUG:root:Finish turn

DEBUG:root:Order:18 17 15
DEBUG:root:Order:22 17 12
DEBUG:root:Finish turn

DEBUG:root:Order:17 18 12
DEBUG:root:Order:22 18 10
DEBUG:root:Finish turn

DEBUG:root:Order:17 18 1
DEBUG:root:Finish turn

DEBUG:root:Order:17 22 1
DEBUG:root:Order:18 22 1
DEBUG:root:Finish turn

DEBUG:root:Finish turn

DEBUG:root:Order:17 22 1
DEBUG:root:Order:18 22 1
DEBUG:root:Finish turn

DEBUG:root:Order:18 17 11
DEBUG:root:Order:22 17 8
DEBUG:root:Finish turn

DEBUG:root:Order:18 22 11
DEBUG:root:Order:17 22 9
DEBUG:root:Finish turn

DEBUG:root:Finish turn

DEBUG:root:Order:17 18 9
DEBUG:root:Order:22 18 5
DEBUG:root:Finish turn

DEBUG:root:Order:17 22 1
DEBUG:root:Finish turn

DEBUG:root:Finish turn

DEBUG:root:Order:18 17 11
DEBUG:root:Order:22 17 7
DEBUG:root:Finish turn

DEBUG:root:Finish turn

DEBUG:root:Order:17 22 1
DEBUG:root:Order:18 22 1
DEBUG:root:Finish turn

DEBUG:root:Order:17 22 10
DEBUG:root:Order:18 22 10
DEBUG:root:Finish turn

DEBUG:root:Order:17 18 13
DEBUG:root:Order:22 18 10
DEBUG:root:Finish turn

DEBUG:root:Order:17 22 1
DEBUG:root:Finish turn

DEBUG:root:Order:18 17 8
DEBUG:root:Order:22 17 6
DEBUG:root:Finish turn

DEBUG:root:Order:18 17 1
DEBUG:root:Finish turn

DEBUG:root:Order:17 22 1
DEBUG:root:Order:18 22 1
DEBUG:root:Finish turn

DEBUG:root:Finish turn

DEBUG:root:Order:17 22 1
DEBUG:root:Order:18 22 1
DEBUG:root:Finish turn

DEBUG:root:Order:17 22 11
DEBUG:root:Order:18 22 11
DEBUG:root:Finish turn

DEBUG:root:Order:18 17 15
DEBUG:root:Order:22 17 12
DEBUG:root:Finish turn

DEBUG:root:Order:17 18 12
DEBUG:root:Order:22 18 10
DEBUG:root:Finish turn

DEBUG:root:Order:17 18 1
DEBUG:root:Finish turn

DEBUG:root:Order:17 22 1
DEBUG:root:Order:18 22 1
DEBUG:root:Finish turn

DEBUG:root:Finish turn

DEBUG:root:Order:17 22 1
DEBUG:root:Order:18 22 1
DEBUG:root:Finish turn

DEBUG:root:Order:18 17 11
DEBUG:root:Order:22 17 8
DEBUG:root:Finish turn

DEBUG:root:Order:18 22 11
DEBUG:root:Order:17 22 9
DEBUG:root:Finish turn

DEBUG:root:Finish turn

DEBUG:root:Order:17 18 9
DEBUG:root:Order:22 18 5
DEBUG:root:Finish turn

DEBUG:root:Order:17 22 1
DEBUG:root:Finish turn

DEBUG:root:Finish turn

DEBUG:root:Order:18 17 11
DEBUG:root:Order:22 17 7
DEBUG:root:Finish turn

DEBUG:root:Finish turn

DEBUG:root:Order:17 22 1
DEBUG:root:Order:18 22 1
DEBUG:root:Finish turn

DEBUG:root:Order:17 22 10
DEBUG:root:Order:18 22 10
DEBUG:root:Finish turn

DEBUG:root:Order:17 18 13
DEBUG:root:Order:22 18 10
DEBUG:root:Finish turn

DEBUG:root:Order:17 22 1
DEBUG:root:Finish turn

DEBUG:root:Order:18 17 8
DEBUG:root:Order:22 17 6
DEBUG:root:Finish turn

DEBUG:root:Order:18 17 1
DEBUG:root:Finish turn

DEBUG:root:Order:17 22 1
DEBUG:root:Order:18 22 1
DEBUG:root:Finish turn

DEBUG:root:Finish turn

DEBUG:root:Order:17 22 1
DEBUG:root:Order:18 22 1
DEBUG:root:Finish turn

DEBUG:root:Order:17 22 11
DEBUG:root:Order:18 22 11
DEBUG:root:Finish turn

DEBUG:root:Order:18 17 15
DEBUG:root:Order:22 17 12
DEBUG:root:Finish turn

DEBUG:root:Order:17 18 12
DEBUG:root:Order:22 18 10
DEBUG:root:Finish turn

DEBUG:root:Order:17 18 1
DEBUG:root:Finish turn

DEBUG:root:Order:17 22 1
DEBUG:root:Order:18 22 1
DEBUG:root:Finish turn

DEBUG:root:Finish turn

DEBUG:root:Order:17 22 1
DEBUG:root:Order:18 22 1
DEBUG:root:Finish turn

DEBUG:root:Order:18 17 11
DEBUG:root:Order:22 17 8
DEBUG:root:Finish turn

DEBUG:root:Order:18 22 11
DEBUG:root:Order:17 22 9
DEBUG:root:Finish turn

DEBUG:root:Finish turn

DEBUG:root:Order:17 18 9
DEBUG:root:Order:22 18 5
DEBUG:root:Finish turn

DEBUG:root:Order:17 22 1
DEBUG:root:Finish turn

DEBUG:root:Finish turn

DEBUG:root:Order:18 17 11
DEBUG:root:Order:22 17 7
DEBUG:root:Finish turn

DEBUG:root:Finish turn

DEBUG:root:Order:17 22 1
DEBUG:root:Order:18 22 1
DEBUG:root:Finish turn

DEBUG:root:Order:17 22 10
DEBUG:root:Order:18 22 10
DEBUG:root:Finish turn

DEBUG:root:Order:17 18 13
DEBUG:root:Order:22 18 10
DEBUG:root:Finish turn

DEBUG:root:Order:17 22 1
DEBUG:root:Finish turn

DEBUG:root:Order:18 17 8
DEBUG:root:Order:22 17 6
DEBUG:root:Finish turn

DEBUG:root:Order:18 17 1
DEBUG:root:Finish turn

DEBUG:root:Order:17 22 1
DEBUG:root:Order:18 22 1
DEBUG:root:Finish turn

DEBUG:root:Finish turn

DEBUG:root:Order:17 22 1
DEBUG:root:Order:18 22 1
DEBUG:root:Finish turn

DEBUG:root:Order:17 22 11
DEBUG:root:Order:18 22 11
DEBUG:root:Finish turn

DEBUG:root:Order:18 17 15
DEBUG:root:Order:22 17 12
DEBUG:root:Finish turn

DEBUG:root:Order:17 18 12
DEBUG:root:Order:22 18 10
DEBUG:root:Finish turn

DEBUG:root:Order:17 18 1
DEBUG:root:Finish turn

DEBUG:root:Order:17 22 1
DEBUG:root:Order:18 22 1
DEBUG:root:Finish turn

DEBUG:root:Finish turn

DEBUG:root:Order:17 22 1
DEBUG:root:Order:18 22 1
DEBUG:root:Finish turn

DEBUG:root:Order:18 17 11
DEBUG:root:Order:22 17 8
DEBUG:root:Finish turn

DEBUG:root:Order:18 22 11
DEBUG:root:Order:17 22 9
DEBUG:root:Finish turn

DEBUG:root:Finish turn

DEBUG:root:Order:17 18 9
DEBUG:root:Order:22 18 5
DEBUG:root:Finish turn

DEBUG:root:Order:17 22 1
DEBUG:root:Finish turn

DEBUG:root:Finish turn

DEBUG:root:Order:18 17 11
DEBUG:root:Order:22 17 7
DEBUG:root:Finish turn

DEBUG:root:Finish turn

DEBUG:root:Order:17 22 1
DEBUG:root:Order:18 22 1
DEBUG:root:Finish turn

DEBUG:root:Order:17 22 10
DEBUG:root:Order:18 22 10
DEBUG:root:Finish turn

DEBUG:root:Order:17 18 13
DEBUG:root:Order:22 18 10
DEBUG:root:Finish turn

DEBUG:root:Order:17 22 1
DEBUG:root:Finish turn

DEBUG:root:Order:18 17 8
DEBUG:root:Order:22 17 6
DEBUG:root:Finish turn

DEBUG:root:Order:18 17 1
DEBUG:root:Finish turn

DEBUG:root:Order:17 22 1
DEBUG:root:Order:18 22 1
DEBUG:root:Finish turn

DEBUG:root:Finish turn

DEBUG:root:Order:17 22 1
DEBUG:root:Order:18 22 1
DEBUG:root:Finish turn

DEBUG:root:Order:17 22 11
DEBUG:root:Order:18 22 11
DEBUG:root:Finish turn

DEBUG:root:Order:18 17 15
DEBUG:root:Order:22 17 12
DEBUG:root:Finish turn

DEBUG:root:Order:17 18 12
DEBUG:root:Order:22 18 10
DEBUG:root:Finish turn

DEBUG:root:Order:17 18 1
DEBUG:root:Finish turn

DEBUG:root:Order:17 22 1
DEBUG:root:Order:18 22 1
DEBUG:root:Finish turn

DEBUG:root:Finish turn

DEBUG:root:Order:17 22 1
DEBUG:root:Order:18 22 1
DEBUG:root:Finish turn

DEBUG:root:Order:18 17 11
DEBUG:root:Order:22 17 8
DEBUG:root:Finish turn

DEBUG:root:Order:18 22 11
DEBUG:root:Order:17 22 9
DEBUG:root:Finish turn

DEBUG:root:Finish turn

DEBUG:root:Order:17 18 9
DEBUG:root:Order:22 18 5
DEBUG:root:Finish turn

DEBUG:root:Order:17 22 1
DEBUG:root:Finish turn

DEBUG:root:Finish turn

DEBUG:root:Order:18 17 11
DEBUG:root:Order:22 17 7
DEBUG:root:Finish turn

DEBUG:root:Finish turn

DEBUG:root:Order:17 22 1
DEBUG:root:Order:18 22 1
DEBUG:root:Finish turn

DEBUG:root:Order:17 22 10
DEBUG:root:Order:18 22 10
DEBUG:root:Finish turn

DEBUG:root:Order:17 18 13
DEBUG:root:Order:22 18 10
DEBUG:root:Finish turn

DEBUG:root:Order:17 22 1
DEBUG:root:Finish turn

DEBUG:root:Order:18 17 8
DEBUG:root:Order:22 17 6
DEBUG:root:Finish turn

DEBUG:root:Order:18 17 1
DEBUG:root:Finish turn

DEBUG:root:Order:17 22 1
DEBUG:root:Order:18 22 1
DEBUG:root:Finish turn

DEBUG:root:Finish turn

DEBUG:root:Order:17 22 1
DEBUG:root:Order:18 22 1
DEBUG:root:Finish turn

DEBUG:root:Order:17 22 11
DEBUG:root:Order:18 22 11
DEBUG:root:Finish turn

DEBUG:root:Order:18 17 15
DEBUG:root:Order:22 17 12
DEBUG:root:Finish turn

DEBUG:root:Order:17 18 12
DEBUG:root:Order:22 18 10
DEBUG:root:Finish turn

DEBUG:root:Order:17 18 1
DEBUG:root:Finish turn

DEBUG:root:Order:17 22 1
DEBUG:root:Order:18 22 1
DEBUG:root:Finish turn

DEBUG:root:Finish turn

DEBUG:root:Order:17 22 1
DEBUG:root:Order:18 22 1
DEBUG:root:Finish turn

DEBUG:root:Order:18 17 11
DEBUG:root:Order:22 17 8
DEBUG:root:Finish turn

DEBUG:root:Order:18 22 11
DEBUG:root:Order:17 22 9
DEBUG:root:Finish turn

DEBUG:root:Finish turn

DEBUG:root:Order:17 18 9
DEBUG:root:Order:22 18 5
DEBUG:root:Finish turn

DEBUG:root:Order:17 22 1
DEBUG:root:Finish turn

DEBUG:root:Finish turn

DEBUG:root:Order:18 17 11
DEBUG:root:Order:22 17 7
DEBUG:root:Finish turn

DEBUG:root:Finish turn

DEBUG:root:Order:17 22 1
DEBUG:root:Order:18 22 1
DEBUG:root:Finish turn

DEBUG:root:Order:17 22 10
DEBUG:root:Order:18 22 10
DEBUG:root:Finish turn

DEBUG:root:Order:17 18 13
DEBUG:root:Order:22 18 10
DEBUG:root:Finish turn

DEBUG:root:Order:17 22 1
DEBUG:root:Finish turn

DEBUG:root:Order:18 17 8
DEBUG:root:Order:22 17 6
DEBUG:root:Finish turn

DEBUG:root:Order:18 17 1
DEBUG:root:Finish turn

DEBUG:root:Order:17 22 1
DEBUG:root:Order:18 22 1
DEBUG:root:Finish turn

DEBUG:root:Finish turn

DEBUG:root:Order:17 22 1
DEBUG:root:Order:18 22 1
DEBUG:root:Finish turn

DEBUG:root:Order:17 22 11
DEBUG:root:Order:18 22 11
DEBUG:root:Finish turn

DEBUG:root:Order:18 17 15
DEBUG:root:Order:22 17 12
DEBUG:root:Finish turn

DEBUG:root:Order:17 18 12
DEBUG:root:Order:22 18 10
DEBUG:root:Finish turn

DEBUG:root:Order:17 18 1
DEBUG:root:Finish turn

DEBUG:root:Order:17 22 1
DEBUG:root:Order:18 22 1
DEBUG:root:Finish turn

DEBUG:root:Finish turn

DEBUG:root:Order:17 22 1
DEBUG:root:Order:18 22 1
DEBUG:root:Finish turn

DEBUG:root:Order:18 17 11
DEBUG:root:Order:22 17 8
DEBUG:root:Finish turn

DEBUG:root:Order:18 22 11
DEBUG:root:Order:17 22 9
DEBUG:root:Finish turn

DEBUG:root:Finish turn

DEBUG:root:Order:17 18 9
DEBUG:root:Order:22 18 5
DEBUG:root:Finish turn

DEBUG:root:Order:17 22 1
DEBUG:root:Finish turn

DEBUG:root:Finish turn

DEBUG:root:Order:18 17 11
DEBUG:root:Order:22 17 7
DEBUG:root:Finish turn

DEBUG:root:Finish turn

DEBUG:root:Order:17 22 1
DEBUG:root:Order:18 22 1
DEBUG:root:Finish turn

DEBUG:root:Order:17 22 10
DEBUG:root:Order:18 22 10
DEBUG:root:Finish turn

DEBUG:root:Order:17 18 13
DEBUG:root:Order:22 18 10
DEBUG:root:Finish turn

DEBUG:root:Order:17 22 1
DEBUG:root:Finish turn

DEBUG:root:Order:18 17 8
DEBUG:root:Order:22 17 6
DEBUG:root:Finish turn

DEBUG:root:Order:18 17 1
DEBUG:root:Finish turn

DEBUG:root:Order:17 22 1
DEBUG:root:Order:18 22 1
DEBUG:root:Finish turn

DEBUG:root:Finish turn

DEBUG:root:Order:17 22 1
DEBUG:root:Order:18 22 1
DEBUG:root:Finish turn

DEBUG:root:Order:17 22 11
DEBUG:root:Order:18 22 11
DEBUG:root:Finish turn

DEBUG:root:Order:18 17 15
DEBUG:root:Order:22 17 12
DEBUG:root:Finish turn

DEBUG:root:Order:17 18 12
DEBUG:root:Order:22 18 10
DEBUG:root:Finish turn

DEBUG:root:Order:17 18 1
DEBUG:root:Finish turn

DEBUG:root:Order:17 22 1
DEBUG:root:Order:18 22 1
DEBUG:root:Finish turn

DEBUG:root:Finish turn

DEBUG:root:Order:17 22 1
DEBUG:root:Order:18 22 1
DEBUG:root:Finish turn

DEBUG:root:Order:18 17 11
DEBUG:root:Order:22 17 8
DEBUG:root:Finish turn

DEBUG:root:Order:18 22 11
DEBUG:root:Order:17 22 9
DEBUG:root:Finish turn

DEBUG:root:Finish turn

DEBUG:root:Order:17 18 9
DEBUG:root:Order:22 18 5
DEBUG:root:Finish turn

DEBUG:root:Order:17 22 1
DEBUG:root:Finish turn

DEBUG:root:Finish turn

DEBUG:root:Order:18 17 11
DEBUG:root:Order:22 17 7
DEBUG:root:Finish turn

DEBUG:root:Finish turn

DEBUG:root:Order:17 22 1
DEBUG:root:Order:18 22 1
DEBUG:root:Finish turn

DEBUG:root:Order:17 22 10
DEBUG:root:Order:18 22 10
DEBUG:root:Finish turn

DEBUG:root:Order:17 18 13
DEBUG:root:Order:22 18 10
DEBUG:root:Finish turn

DEBUG:root:Order:17 22 1
DEBUG:root:Finish turn

DEBUG:root:Order:18 17 8
DEBUG:root:Order:22 17 6
DEBUG:root:Finish turn

DEBUG:root:Order:18 17 1
DEBUG:root:Finish turn

DEBUG:root:Order:17 22 1
DEBUG:root:Order:18 22 1
DEBUG:root:Finish turn

DEBUG:root:Finish turn

DEBUG:root:Order:17 22 1
DEBUG:root:Order:18 22 1
DEBUG:root:Finish turn

DEBUG:root:Order:17 22 11
DEBUG:root:Order:18 22 11
DEBUG:root:Finish turn

DEBUG:root:Order:18 17 15
DEBUG:root:Order:22 17 12
DEBUG:root:Finish turn

DEBUG:root:Order:17 18 12
DEBUG:root:Order:22 18 10
DEBUG:root:Finish turn

DEBUG:root:Order:17 18 1
DEBUG:root:Finish turn

DEBUG:root:Order:17 22 1
DEBUG:root:Order:18 22 1
DEBUG:root:Finish turn

DEBUG:root:Finish turn

DEBUG:root:Order:17 22 1
DEBUG:root:Order:18 22 1
DEBUG:root:Finish turn

DEBUG:root:Order:18 17 11
DEBUG:root:Order:22 17 8
DEBUG:root:Finish turn

DEBUG:root:Order:18 22 11
DEBUG:root:Order:17 22 9
DEBUG:root:Finish turn

DEBUG:root:Finish turn

DEBUG:root:Order:17 18 9
DEBUG:root:Order:22 18 5
DEBUG:root:Finish turn

DEBUG:root:Order:17 22 1
DEBUG:root:Finish turn

DEBUG:root:Finish turn

DEBUG:root:Order:18 17 11
DEBUG:root:Order:22 17 7
DEBUG:root:Finish turn

DEBUG:root:Finish turn

DEBUG:root:Order:17 22 1
DEBUG:root:Order:18 22 1
DEBUG:root:Finish turn

DEBUG:root:Order:17 22 10
DEBUG:root:Order:18 22 10
DEBUG:root:Finish turn

DEBUG:root:Order:17 18 13
DEBUG:root:Order:22 18 10
DEBUG:root:Finish turn

DEBUG:root:Order:17 22 1
DEBUG:root:Finish turn

DEBUG:root:Order:18 17 8
DEBUG:root:Order:22 17 6
DEBUG:root:Finish turn

DEBUG:root:Order:18 17 1
DEBUG:root:Finish turn

DEBUG:root:Order:17 22 1
DEBUG:root:Order:18 22 1
DEBUG:root:Finish turn

DEBUG:root:Finish turn

DEBUG:root:Order:17 22 1
DEBUG:root:Order:18 22 1
DEBUG:root:Finish turn

DEBUG:root:Order:17 22 11
DEBUG:root:Order:18 22 11
DEBUG:root:Finish turn

DEBUG:root:Order:18 17 15
DEBUG:root:Order:22 17 12
DEBUG:root:Finish turn

DEBUG:root:Order:17 18 12
DEBUG:root:Order:22 18 10
DEBUG:root:Finish turn

DEBUG:root:Order:17 18 1
DEBUG:root:Finish turn

DEBUG:root:Order:17 22 1
DEBUG:root:Order:18 22 1
DEBUG:root:Finish turn

DEBUG:root:Finish turn

DEBUG:root:Order:17 22 1
DEBUG:root:Order:18 22 1
DEBUG:root:Finish turn

DEBUG:root:Order:18 17 11
DEBUG:root:Order:22 17 8
DEBUG:root:Finish turn

DEBUG:root:Order:18 22 11
DEBUG:root:Order:17 22 9
DEBUG:root:Finish turn

DEBUG:root:Finish turn

DEBUG:root:Order:17 18 9
DEBUG:root:Order:22 18 5
DEBUG:root:Finish turn

DEBUG:root:Order:17 22 1
DEBUG:root:Finish turn

DEBUG:root:Finish turn

DEBUG:root:Order:18 17 11
DEBUG:root:Order:22 17 7
DEBUG:root:Finish turn

DEBUG:root:Finish turn

DEBUG:root:Order:17 22 1
DEBUG:root:Order:18 22 1
DEBUG:root:Finish turn

DEBUG:root:Order:17 22 10
DEBUG:root:Order:18 22 10
DEBUG:root:Finish turn

DEBUG:root:Order:17 18 13
DEBUG:root:Order:22 18 10
DEBUG:root:Finish turn

DEBUG:root:Order:17 22 1
DEBUG:root:Finish turn

DEBUG:root:Order:18 17 8
DEBUG:root:Order:22 17 6
DEBUG:root:Finish turn

DEBUG:root:Order:18 17 1
DEBUG:root:Finish turn

DEBUG:root:Order:17 22 1
DEBUG:root:Order:18 22 1
DEBUG:root:Finish turn

